-------------------------------------------------------------------------------
Test set: org.example.MyListQuickCheckTest
-------------------------------------------------------------------------------
Tests run: 4, Failures: 3, Errors: 0, Skipped: 0, Time elapsed: 2.367 sec <<< FAILURE!
doubleReverseIsOriginalEasyBug(org.example.MyListQuickCheckTest)  Time elapsed: 0.14 sec  <<< FAILURE!
java.lang.AssertionError: Property doubleReverseIsOriginalEasyBug falsified via shrinking: 
Expected: <length: 2 [0, 0]>
     but: was <length: 1 [0]>
Shrunken args: [length: 2 [0, 0]]
Original failure message: [
Expected: <length: 2 [969764590, 1474140281]>
     but: was <length: 1 [969764590]>]
Original args: [length: 2 [969764590, 1474140281]]
Seeds: [4501720757787778944]

	at org.hamcrest.MatcherAssert.assertThat(MatcherAssert.java:20)
	at org.hamcrest.MatcherAssert.assertThat(MatcherAssert.java:8)
	at org.example.MyListQuickCheckTest.doubleReverseIsOriginalEasyBug(MyListQuickCheckTest.java:25)
	at java.base/jdk.internal.reflect.DirectMethodHandleAccessor.invoke(DirectMethodHandleAccessor.java:104)
	at java.base/java.lang.reflect.Method.invoke(Method.java:577)
	at org.junit.runners.model.FrameworkMethod$1.runReflectiveCall(FrameworkMethod.java:50)
	at org.junit.internal.runners.model.ReflectiveCallable.run(ReflectiveCallable.java:12)
	at org.junit.runners.model.FrameworkMethod.invokeExplosively(FrameworkMethod.java:47)
	at com.pholser.junit.quickcheck.runner.PropertyVerifier$2.evaluate(PropertyVerifier.java:104)
	at com.pholser.junit.quickcheck.runner.PropertyVerifier$1.evaluate(PropertyVerifier.java:76)
	at com.pholser.junit.quickcheck.runner.PropertyVerifier.verify(PropertyVerifier.java:68)
	at com.pholser.junit.quickcheck.runner.ShrinkNode.verifyProperty(ShrinkNode.java:98)
	at com.pholser.junit.quickcheck.runner.Shrinker.shrink(Shrinker.java:82)
	at com.pholser.junit.quickcheck.runner.PropertyStatement.shrink(PropertyStatement.java:158)
	at com.pholser.junit.quickcheck.runner.PropertyStatement.lambda$property$38(PropertyStatement.java:132)
	at com.pholser.junit.quickcheck.runner.PropertyVerifier$1.evaluate(PropertyVerifier.java:86)
	at com.pholser.junit.quickcheck.runner.PropertyVerifier.verify(PropertyVerifier.java:68)
	at com.pholser.junit.quickcheck.runner.PropertyStatement.verifyProperty(PropertyStatement.java:108)
	at com.pholser.junit.quickcheck.runner.PropertyStatement.evaluate(PropertyStatement.java:92)
	at org.junit.runners.ParentRunner.runLeaf(ParentRunner.java:325)
	at org.junit.runners.BlockJUnit4ClassRunner.runChild(BlockJUnit4ClassRunner.java:78)
	at org.junit.runners.BlockJUnit4ClassRunner.runChild(BlockJUnit4ClassRunner.java:57)
	at org.junit.runners.ParentRunner$3.run(ParentRunner.java:290)
	at org.junit.runners.ParentRunner$1.schedule(ParentRunner.java:71)
	at org.junit.runners.ParentRunner.runChildren(ParentRunner.java:288)
	at org.junit.runners.ParentRunner.access$000(ParentRunner.java:58)
	at org.junit.runners.ParentRunner$2.evaluate(ParentRunner.java:268)
	at org.junit.runners.ParentRunner.run(ParentRunner.java:363)
	at org.apache.maven.surefire.junit4.JUnit4Provider.execute(JUnit4Provider.java:252)
	at org.apache.maven.surefire.junit4.JUnit4Provider.executeTestSet(JUnit4Provider.java:141)
	at org.apache.maven.surefire.junit4.JUnit4Provider.invoke(JUnit4Provider.java:112)
	at java.base/jdk.internal.reflect.DirectMethodHandleAccessor.invoke(DirectMethodHandleAccessor.java:104)
	at java.base/java.lang.reflect.Method.invoke(Method.java:577)
	at org.apache.maven.surefire.util.ReflectionUtils.invokeMethodWithArray(ReflectionUtils.java:189)
	at org.apache.maven.surefire.booter.ProviderFactory$ProviderProxy.invoke(ProviderFactory.java:165)
	at org.apache.maven.surefire.booter.ProviderFactory.invokeProvider(ProviderFactory.java:85)
	at org.apache.maven.surefire.booter.ForkedBooter.runSuitesInProcess(ForkedBooter.java:115)
	at org.apache.maven.surefire.booter.ForkedBooter.main(ForkedBooter.java:75)
Caused by: java.lang.AssertionError: 
Expected: <length: 2 [969764590, 1474140281]>
     but: was <length: 1 [969764590]>
	at org.hamcrest.MatcherAssert.assertThat(MatcherAssert.java:20)
	at org.hamcrest.MatcherAssert.assertThat(MatcherAssert.java:8)
	at org.example.MyListQuickCheckTest.doubleReverseIsOriginalEasyBug(MyListQuickCheckTest.java:25)
	at java.base/jdk.internal.reflect.DirectMethodHandleAccessor.invoke(DirectMethodHandleAccessor.java:104)
	at java.base/java.lang.reflect.Method.invoke(Method.java:577)
	at org.junit.runners.model.FrameworkMethod$1.runReflectiveCall(FrameworkMethod.java:50)
	at org.junit.internal.runners.model.ReflectiveCallable.run(ReflectiveCallable.java:12)
	at org.junit.runners.model.FrameworkMethod.invokeExplosively(FrameworkMethod.java:47)
	at com.pholser.junit.quickcheck.runner.PropertyVerifier$2.evaluate(PropertyVerifier.java:104)
	at com.pholser.junit.quickcheck.runner.PropertyVerifier$1.evaluate(PropertyVerifier.java:76)
	... 22 more

doubleReverseIsOriginalEasyBugQC(org.example.MyListQuickCheckTest)  Time elapsed: 0.049 sec  <<< FAILURE!
java.lang.AssertionError: Property doubleReverseIsOriginalEasyBugQC falsified via shrinking: 
Expected: <length: 2 [0, 1]>
     but: was <length: 1 [0]>
Shrunken args: [[0, 0]]
Original failure message: [
Expected: <length: 2 [0, 1]>
     but: was <length: 1 [0]>]
Original args: [[473953146, 979840381]]
Seeds: [2153755588620528536]

	at org.hamcrest.MatcherAssert.assertThat(MatcherAssert.java:20)
	at org.hamcrest.MatcherAssert.assertThat(MatcherAssert.java:8)
	at org.example.MyListQuickCheckTest.doubleReverseIsOriginalEasyBugQC(MyListQuickCheckTest.java:36)
	at java.base/jdk.internal.reflect.DirectMethodHandleAccessor.invoke(DirectMethodHandleAccessor.java:104)
	at java.base/java.lang.reflect.Method.invoke(Method.java:577)
	at org.junit.runners.model.FrameworkMethod$1.runReflectiveCall(FrameworkMethod.java:50)
	at org.junit.internal.runners.model.ReflectiveCallable.run(ReflectiveCallable.java:12)
	at org.junit.runners.model.FrameworkMethod.invokeExplosively(FrameworkMethod.java:47)
	at com.pholser.junit.quickcheck.runner.PropertyVerifier$2.evaluate(PropertyVerifier.java:104)
	at com.pholser.junit.quickcheck.runner.PropertyVerifier$1.evaluate(PropertyVerifier.java:76)
	at com.pholser.junit.quickcheck.runner.PropertyVerifier.verify(PropertyVerifier.java:68)
	at com.pholser.junit.quickcheck.runner.ShrinkNode.verifyProperty(ShrinkNode.java:98)
	at com.pholser.junit.quickcheck.runner.Shrinker.shrink(Shrinker.java:82)
	at com.pholser.junit.quickcheck.runner.PropertyStatement.shrink(PropertyStatement.java:158)
	at com.pholser.junit.quickcheck.runner.PropertyStatement.lambda$property$38(PropertyStatement.java:132)
	at com.pholser.junit.quickcheck.runner.PropertyVerifier$1.evaluate(PropertyVerifier.java:86)
	at com.pholser.junit.quickcheck.runner.PropertyVerifier.verify(PropertyVerifier.java:68)
	at com.pholser.junit.quickcheck.runner.PropertyStatement.verifyProperty(PropertyStatement.java:108)
	at com.pholser.junit.quickcheck.runner.PropertyStatement.evaluate(PropertyStatement.java:92)
	at org.junit.runners.ParentRunner.runLeaf(ParentRunner.java:325)
	at org.junit.runners.BlockJUnit4ClassRunner.runChild(BlockJUnit4ClassRunner.java:78)
	at org.junit.runners.BlockJUnit4ClassRunner.runChild(BlockJUnit4ClassRunner.java:57)
	at org.junit.runners.ParentRunner$3.run(ParentRunner.java:290)
	at org.junit.runners.ParentRunner$1.schedule(ParentRunner.java:71)
	at org.junit.runners.ParentRunner.runChildren(ParentRunner.java:288)
	at org.junit.runners.ParentRunner.access$000(ParentRunner.java:58)
	at org.junit.runners.ParentRunner$2.evaluate(ParentRunner.java:268)
	at org.junit.runners.ParentRunner.run(ParentRunner.java:363)
	at org.apache.maven.surefire.junit4.JUnit4Provider.execute(JUnit4Provider.java:252)
	at org.apache.maven.surefire.junit4.JUnit4Provider.executeTestSet(JUnit4Provider.java:141)
	at org.apache.maven.surefire.junit4.JUnit4Provider.invoke(JUnit4Provider.java:112)
	at java.base/jdk.internal.reflect.DirectMethodHandleAccessor.invoke(DirectMethodHandleAccessor.java:104)
	at java.base/java.lang.reflect.Method.invoke(Method.java:577)
	at org.apache.maven.surefire.util.ReflectionUtils.invokeMethodWithArray(ReflectionUtils.java:189)
	at org.apache.maven.surefire.booter.ProviderFactory$ProviderProxy.invoke(ProviderFactory.java:165)
	at org.apache.maven.surefire.booter.ProviderFactory.invokeProvider(ProviderFactory.java:85)
	at org.apache.maven.surefire.booter.ForkedBooter.runSuitesInProcess(ForkedBooter.java:115)
	at org.apache.maven.surefire.booter.ForkedBooter.main(ForkedBooter.java:75)
Caused by: java.lang.AssertionError: 
Expected: <length: 2 [0, 1]>
     but: was <length: 1 [0]>
	at org.hamcrest.MatcherAssert.assertThat(MatcherAssert.java:20)
	at org.hamcrest.MatcherAssert.assertThat(MatcherAssert.java:8)
	at org.example.MyListQuickCheckTest.doubleReverseIsOriginalEasyBugQC(MyListQuickCheckTest.java:36)
	at java.base/jdk.internal.reflect.DirectMethodHandleAccessor.invoke(DirectMethodHandleAccessor.java:104)
	at java.base/java.lang.reflect.Method.invoke(Method.java:577)
	at org.junit.runners.model.FrameworkMethod$1.runReflectiveCall(FrameworkMethod.java:50)
	at org.junit.internal.runners.model.ReflectiveCallable.run(ReflectiveCallable.java:12)
	at org.junit.runners.model.FrameworkMethod.invokeExplosively(FrameworkMethod.java:47)
	at com.pholser.junit.quickcheck.runner.PropertyVerifier$2.evaluate(PropertyVerifier.java:104)
	at com.pholser.junit.quickcheck.runner.PropertyVerifier$1.evaluate(PropertyVerifier.java:76)
	... 22 more

doubleReverseIsOriginalBug(org.example.MyListQuickCheckTest)  Time elapsed: 0.654 sec  <<< FAILURE!
java.lang.AssertionError: Property doubleReverseIsOriginalBug falsified via shrinking: 
Expected: <length: 1016 [0, 0, 1, 0, 1, 0, 1, -1, -1, 1, 1, -1, 0, 0, 0, -1, -1, 0, 0, 1, 0, -1, 1, 0, 0, 0, 1, 1, 0, 1, -1, 0, 1, 0, 0, 1, 0, 0, 0, 0, 0, -1, 0, 0, 1, 0, 0, 0, 0, 0, 0, 1, 0, 0, 0, 1, 0, 0, 1, -1, -1, -1, -1, 1, 0, 0, 0, -1, 1, 0, 0, -1, 1, -1, 0, 0, 0, 0, 0, 0, 0, 1, 0, 0, 0, 0, 0, 1, 0, -1, -1, 0, 1, -1, 0, 0, 0, 0, 0, 1, 0, 0, 1, 1, 0, 0, 0, 0, 0, -1, 0, 0, 0, 0, 1, -1, 1, 0, 0, 0, 0, 0, 1, 1, 1, -1, 0, 0, 1, 1, 0, 0, -1, 0, 1, 1, 0, 1, 0, 1, 1, 0, 1, 0, 1, 0, 0, 1, -1, -1, 0, 0, 1, 1, 1, 0, -1, 1, 0, 0, 0, 1, 0, 0, 0, 0, 0, 0, -1, 0, -1, 1, 0, -1, 0, -1, 0, -1, 0, 1, 0, 0, -1, 1, -1, 0, 0, 0, 0, 1, 0, 0, 0, 1, 1, -1, 0, -1, 0, 0, 0, 1, 1, 1, 0, 0, 0, -1, -1, -1, 0, 1, -1, 0, 0, -1, 0, 1, 0, -1, 1, 0, -1, -1, 0, 0, 0, 0, -1, 0, 0, 0, 1, 0, 0, 0, 0, 0, -1, -1, 0, 1, 0, 0, -1, 1, 1, 0, 0, 0, -1, -1, 1, 1, 0, 0, 0, -1, 0, 1, 1, -1, 0, 0, 0, 1, 0, -1, 0, -1, 0, 0, -1, 0, 0, 0, 1, 1, 0, 0, 0, 0, 1, 0, 0, 0, 0, 0, 0, 0, 0, -1, 1, -1, 1, 0, 1, 0, 0, 0, 1, 0, -1, 1, 0, 1, 0, 0, 1, 0, 1, 1, 0, -1, 0, 0, 1, -1, -1, 0, -1, 0, 0, 0, 0, -1, -1, 1, -1, -1, -1, 1, 0, 0, 0, -1, -1, -1, 1, 1, 0, -1, 1, 0, 0, -1, 0, -1, 1, 0, 0, -1, 0, 1, 1, -1, 0, 0, 1, -1, 1, 1, 0, 0, -1, 1, 0, 0, 0, -1, 1, 0, 0, 1, 0, 0, 0, -1, 0, 0, 1, 0, 1, 1, -1, 0, 0, 0, -1, -1, -1, 0, -1, -1, -1, -1, -1, 0, 0, -1, 1, 0, -1, 0, 0, 0, 1, -1, 1, -1, 0, 0, 0, 0, 1, -1, -1, 1, 0, 0, -1, -1, 0, 1, 0, 1, 0, -1, 0, -1, -1, 0, -1, 1, 1, 0, -1, 0, -1, -1, 0, -1, -1, -1, 1, 1, 1, 0, 0, -1, -1, -1, 1, 0, 0, 1, -1, 0, 0, 0, 0, 0, 1, 1, 0, 0, -1, 1, -1, 0, 0, 0, 1, 1, -1, 0, 0, 0, 0, 0, -1, -1, 1, 1, 0, -1, -1, -1, 0, -1, 1, 1, 1, 0, 0, 0, 1, 0, 0, 0, 0, 0, 1, -1, 0, 0, -1, 0, -1, 0, 1, 0, 0, 0, 1, 0, 0, -1, 1, -1, 0, 1, -1, 0, -1, 0, 0, 0, -1, 1, 0, 0, -1, 0, -1, 0, 1, 1, 1, 0, 0, 1, 0, 0, 1, -1, 0, 1, 1, 1, -1, 0, 0, 1, 0, 0, 1, 0, 0, -1, 0, 0, 0, 1, 1, 1, 1, 0, 0, -1, 0, 1, 1, 0, -1, 1, 0, 1, 0, -1, -1, -1, 0, 0, -1, -1, 1, 0, 1, 1, 1, 0, 1, 0, 1, -1, 0, 0, 0, 0, -1, 0, -1, -1, 0, 0, 1, 0, -1, 0, 0, 0, 1, 0, -1, 0, -1, -1, 0, 0, 1, 0, 1, 0, -1, -1, 0, 0, 1, -1, 0, 0, 1, 1, 0, 0, 0, 1, 0, -1, 0, -1, 0, 0, -1, -1, 0, 1, 0, 0, -1, 0, 1, 1, 0, 0, 0, 0, -1, 0, 0, 0, 0, -1, 0, -1, 0, 0, -1, 1, 0, 0, 1, -1, -1, 0, 0, -1, -1, -1, 1, 1, 1, 1, -1, 1, -1, -1, -1, 0, -1, 1, 0, 1, 0, 0, 0, 0, 0, 0, 1, 1, 1, -1, 1, 0, 0, 0, 0, 0, 0, -1, 0, 0, -1, 0, 0, 1, 0, -1, 0, 0, 0, 0, 0, -1, 0, 0, 0, 0, 1, 1, 0, -1, 1, 0, -1, 0, 1, 1, 0, 0, 0, -1, -1, 0, 0, 1, 0, 1, 0, 0, 0, 0, 0, 0, 1, 0, 0, 0, 1, -1, 1, 1, -1, 0, 0, 1, 1, 1, 0, 0, 0, -1, 1, 0, 0, -1, 0, 1, 1, 0, 0, 0, 0, -1, 0, 1, -1, 0, 1, -1, 0, 0, 0, 0, 0, 1, 1, 0, 0, 0, 0, 0, -1, 1, -1, 0, 0, 0, 0, 0, 0, 0, 0, -1, -1, 0, 0, 1, 1, 0, 1, 0, -1, -1, 0, 0, 0, 0, -1, 0, 0, -1, 0, 0, 1, 1, 0, -1, 0, 0, 0, -1, 1, 0, 1, -1, 1, -1, 1, 0, 0, 0, 0, 1, 0, 0, 1, 0, 0, 0, 0, 0, -1, 1, 0, 1, 0, -1, -1, 0, 0, 0, -1, 0, -1, 0, 1, 0, 0, 1, 1, -1, -1, 0, -1, -1, -1, 0, 0, 0, 1, -1, 1, 0, 0, 0, -1, 1, 0, -1, 0, 1, 0, 1, 0, -1, 1, 0, 0, 1, 1, 0, 0, 0, 0, 0, 1, 0, -1, -1, 0, -1, -1, 0, 1, 1, 0, 0, 0, 0, -1, 0, 1, 0, -1, 0, 0, 0, 0, 0, 0, 1, 0, 1, -1, 1, 0, 0, 1, 0, 0, 0, -1, 0, 1, 0, 0, 0, 0, 0, -1, 1, -1, 1, -1, -1, 1, 1, -1, 0, 0, 0, 0, 0, -1, 0, -1, 0, 0, 1, -1, -1, -1, 1, 0, 0, 1, -1, 0, 0, 0, -1, -1, -1, -1, 0, 1, 1, 0, 0, 0, 1, 0, 0, -1, -1, -1, -1, -1, -1, 0, 1, -1, 0]>
     but: was <length: 0 []>
Shrunken args: [length: 1016 [0, 0, 1, 0, 1, 0, 1, -1, -1, 1, 1, -1, 0, 0, 0, -1, -1, 0, 0, 1, 0, -1, 1, 0, 0, 0, 1, 1, 0, 1, -1, 0, 1, 0, 0, 1, 0, 0, 0, 0, 0, -1, 0, 0, 1, 0, 0, 0, 0, 0, 0, 1, 0, 0, 0, 1, 0, 0, 1, -1, -1, -1, -1, 1, 0, 0, 0, -1, 1, 0, 0, -1, 1, -1, 0, 0, 0, 0, 0, 0, 0, 1, 0, 0, 0, 0, 0, 1, 0, -1, -1, 0, 1, -1, 0, 0, 0, 0, 0, 1, 0, 0, 1, 1, 0, 0, 0, 0, 0, -1, 0, 0, 0, 0, 1, -1, 1, 0, 0, 0, 0, 0, 1, 1, 1, -1, 0, 0, 1, 1, 0, 0, -1, 0, 1, 1, 0, 1, 0, 1, 1, 0, 1, 0, 1, 0, 0, 1, -1, -1, 0, 0, 1, 1, 1, 0, -1, 1, 0, 0, 0, 1, 0, 0, 0, 0, 0, 0, -1, 0, -1, 1, 0, -1, 0, -1, 0, -1, 0, 1, 0, 0, -1, 1, -1, 0, 0, 0, 0, 1, 0, 0, 0, 1, 1, -1, 0, -1, 0, 0, 0, 1, 1, 1, 0, 0, 0, -1, -1, -1, 0, 1, -1, 0, 0, -1, 0, 1, 0, -1, 1, 0, -1, -1, 0, 0, 0, 0, -1, 0, 0, 0, 1, 0, 0, 0, 0, 0, -1, -1, 0, 1, 0, 0, -1, 1, 1, 0, 0, 0, -1, -1, 1, 1, 0, 0, 0, -1, 0, 1, 1, -1, 0, 0, 0, 1, 0, -1, 0, -1, 0, 0, -1, 0, 0, 0, 1, 1, 0, 0, 0, 0, 1, 0, 0, 0, 0, 0, 0, 0, 0, -1, 1, -1, 1, 0, 1, 0, 0, 0, 1, 0, -1, 1, 0, 1, 0, 0, 1, 0, 1, 1, 0, -1, 0, 0, 1, -1, -1, 0, -1, 0, 0, 0, 0, -1, -1, 1, -1, -1, -1, 1, 0, 0, 0, -1, -1, -1, 1, 1, 0, -1, 1, 0, 0, -1, 0, -1, 1, 0, 0, -1, 0, 1, 1, -1, 0, 0, 1, -1, 1, 1, 0, 0, -1, 1, 0, 0, 0, -1, 1, 0, 0, 1, 0, 0, 0, -1, 0, 0, 1, 0, 1, 1, -1, 0, 0, 0, -1, -1, -1, 0, -1, -1, -1, -1, -1, 0, 0, -1, 1, 0, -1, 0, 0, 0, 1, -1, 1, -1, 0, 0, 0, 0, 1, -1, -1, 1, 0, 0, -1, -1, 0, 1, 0, 1, 0, -1, 0, -1, -1, 0, -1, 1, 1, 0, -1, 0, -1, -1, 0, -1, -1, -1, 1, 1, 1, 0, 0, -1, -1, -1, 1, 0, 0, 1, -1, 0, 0, 0, 0, 0, 1, 1, 0, 0, -1, 1, -1, 0, 0, 0, 1, 1, -1, 0, 0, 0, 0, 0, -1, -1, 1, 1, 0, -1, -1, -1, 0, -1, 1, 1, 1, 0, 0, 0, 1, 0, 0, 0, 0, 0, 1, -1, 0, 0, -1, 0, -1, 0, 1, 0, 0, 0, 1, 0, 0, -1, 1, -1, 0, 1, -1, 0, -1, 0, 0, 0, -1, 1, 0, 0, -1, 0, -1, 0, 1, 1, 1, 0, 0, 1, 0, 0, 1, -1, 0, 1, 1, 1, -1, 0, 0, 1, 0, 0, 1, 0, 0, -1, 0, 0, 0, 1, 1, 1, 1, 0, 0, -1, 0, 1, 1, 0, -1, 1, 0, 1, 0, -1, -1, -1, 0, 0, -1, -1, 1, 0, 1, 1, 1, 0, 1, 0, 1, -1, 0, 0, 0, 0, -1, 0, -1, -1, 0, 0, 1, 0, -1, 0, 0, 0, 1, 0, -1, 0, -1, -1, 0, 0, 1, 0, 1, 0, -1, -1, 0, 0, 1, -1, 0, 0, 1, 1, 0, 0, 0, 1, 0, -1, 0, -1, 0, 0, -1, -1, 0, 1, 0, 0, -1, 0, 1, 1, 0, 0, 0, 0, -1, 0, 0, 0, 0, -1, 0, -1, 0, 0, -1, 1, 0, 0, 1, -1, -1, 0, 0, -1, -1, -1, 1, 1, 1, 1, -1, 1, -1, -1, -1, 0, -1, 1, 0, 1, 0, 0, 0, 0, 0, 0, 1, 1, 1, -1, 1, 0, 0, 0, 0, 0, 0, -1, 0, 0, -1, 0, 0, 1, 0, -1, 0, 0, 0, 0, 0, -1, 0, 0, 0, 0, 1, 1, 0, -1, 1, 0, -1, 0, 1, 1, 0, 0, 0, -1, -1, 0, 0, 1, 0, 1, 0, 0, 0, 0, 0, 0, 1, 0, 0, 0, 1, -1, 1, 1, -1, 0, 0, 1, 1, 1, 0, 0, 0, -1, 1, 0, 0, -1, 0, 1, 1, 0, 0, 0, 0, -1, 0, 1, -1, 0, 1, -1, 0, 0, 0, 0, 0, 1, 1, 0, 0, 0, 0, 0, -1, 1, -1, 0, 0, 0, 0, 0, 0, 0, 0, -1, -1, 0, 0, 1, 1, 0, 1, 0, -1, -1, 0, 0, 0, 0, -1, 0, 0, -1, 0, 0, 1, 1, 0, -1, 0, 0, 0, -1, 1, 0, 1, -1, 1, -1, 1, 0, 0, 0, 0, 1, 0, 0, 1, 0, 0, 0, 0, 0, -1, 1, 0, 1, 0, -1, -1, 0, 0, 0, -1, 0, -1, 0, 1, 0, 0, 1, 1, -1, -1, 0, -1, -1, -1, 0, 0, 0, 1, -1, 1, 0, 0, 0, -1, 1, 0, -1, 0, 1, 0, 1, 0, -1, 1, 0, 0, 1, 1, 0, 0, 0, 0, 0, 1, 0, -1, -1, 0, -1, -1, 0, 1, 1, 0, 0, 0, 0, -1, 0, 1, 0, -1, 0, 0, 0, 0, 0, 0, 1, 0, 1, -1, 1, 0, 0, 1, 0, 0, 0, -1, 0, 1, 0, 0, 0, 0, 0, -1, 1, -1, 1, -1, -1, 1, 1, -1, 0, 0, 0, 0, 0, -1, 0, -1, 0, 0, 1, -1, -1, -1, 1, 0, 0, 1, -1, 0, 0, 0, -1, -1, -1, -1, 0, 1, 1, 0, 0, 0, 1, 0, 0, -1, -1, -1, -1, -1, -1, 0, 1, -1, 0]]
Original failure message: [
Expected: <length: 2031 [1499809402, -754046921, 1638824697, 567377066, 1997450889, -1070643578, 246374516, -323087101, -950061651, -1355376178, 690958869, 1466538379, 1437082197, -1403989993, -2102289606, -1366085803, -1450835549, -859672449, -2118818171, 313852754, 434484374, 1728891796, -1630910053, 537797826, 778742635, -587129627, -347002584, 927666919, -1200426177, -1309953578, -366077658, -465767940, -1852048903, 1061824948, -1453089441, 848993124, 779431014, -1508039927, -2063405520, -389677786, -1891904860, -82384336, 810894734, 21200025, 1347276484, 1441660203, -1109493682, -1405595557, 1454842283, -1456244557, 303652768, 773850503, -1659348424, -1250246000, -338503972, 389588006, 677532331, 966853931, -267366015, 1126704869, -54140860, -1210560416, -1430565511, 2035628552, -1073981142, -586976359, 2031822241, 1066956191, 1761088654, 992797976, -608499575, -913668362, 744114448, -1716237677, -1024321673, -368640687, -1560416927, 1936946949, 1478488498, -2117947944, -1161986263, 1037365698, 1578119164, 1078977232, 1133761578, 14899916, 421237855, 1272564235, 714496420, 1895448677, 1539699244, -628894047, -1555470853, -1003079195, -1291578816, 1039206880, 1958051991, -1588896819, 507844489, -784181376, 1420739595, -800696037, 1729046472, -1826973413, 254656120, 1764615647, 850877592, -1691761445, 732656691, -1916850418, -1162264402, -1532470412, -1117230939, -740721771, -1515037343, 1615282517, 396415346, 1121602225, 2018155628, 1739028249, -1439803427, -1737718915, 983204339, 1974494531, 1748634731, -1235056180, 942441155, -648892629, -1079545659, -61060040, -1362691362, 246464818, 1863039970, -1837654150, 385910837, -1803186628, -275596187, -1889895684, -1183265353, -1271582625, -765133501, -2134119764, 145482378, 1098539223, 1681461416, 1544145427, -906563177, -1101071555, 1341400347, -1219060571, 1288228172, -1336082440, 1625049311, 2048661338, -1654555748, -546780685, 539033500, -776720515, -449839542, 914123664, -291172801, 666092227, -1509041305, -901290277, -1522622178, 1622092958, -1819530727, 1428501763, 1364275294, -1323148077, -427939939, 581980421, -1812543848, -1901378742, -819357554, -932267607, -1524331078, 2002691364, 1380285030, 795877042, 1284556331, -1796428014, 1483983173, -612029104, -169964494, 1456199908, -9740815, 993701849, -1359605864, -2097811872, -1949095906, 1195013304, -1800003189, -1993584299, 1931495662, 727658661, 1301691588, 108382447, 1507643834, -286797802, 1906207724, -556174773, 483732242, -1760957452, -2054376901, 2004854349, -687446014, -2031463022, -1034560926, -728045391, -1559754345, -1795297830, -1398157397, 1778922592, -1454377311, -1891353656, 1342301533, -1665713916, -44586055, -1997507044, 943829092, 1793088990, 915793797, 338490443, 1515804465, -1424515626, 2008045370, 1961900726, 2044885983, 1537773779, 1518143330, 1436161565, 496968854, -1248250292, -1566335778, -1232962986, 1364477492, 376853791, -1758815698, -838133703, -1360014039, 1659208865, -448973584, -1570775330, -41647966, -1624886539, 674922406, 270654474, 279149545, 325860513, -588846148, 620441573, 138344971, 764668254, 463824840, -1714288655, 382091194, 1230529071, -131228141, 1765528887, 584478581, -919407436, -1735846057, 187773378, -236358683, 899332031, -1049016886, -1978259119, -1407275894, 63005991, -939213733, 640801095, -53526378, -647791396, 520754746, 2129370086, -2108015592, -1643182789, 1755009694, -1680657732, -1213015203, -56263516, 1707911362, -975395748, -1241667437, -2028810168, -254928849, -225459887, -1305522258, -209949625, 2094479681, -898202545, -1402319730, -1295468295, 1239486947, -1055604308, -2096703647, -846161525, 2007102108, -1436100082, 1141027654, -1148076082, -1745117233, 260858980, -749944014, 332523851, -45331650, -987823335, -1791325929, 504387994, 957817295, -251340665, -256642238, -1440471565, -1954451053, 1989234345, -24896508, 616244741, 544058371, 1304307221, 1359208340, -1009345018, 600688780, 2020737064, 1128098867, 1168111115, -128267444, 1718147202, -285855599, 453055128, 980907038, -1465507404, -1476473745, -904846725, 14703060, -811632328, 1862199173, -1004538411, -835979838, 1590306465, 552407717, 355938936, 1967219587, -2077959662, -2000611553, 143260024, 1746196727, 234511860, -655271833, -1010773508, 1600461450, 867250147, 1211247605, -1416041132, 1680175036, -1421396760, -1829221524, 741021776, 603184092, 592968941, 1471005950, -543167025, 1236508438, 880757101, -1466233330, 2086411926, -1100987472, -875508886, -1434706922, -116858270, 749583248, -1103541084, -1277974582, -829823425, -1739697663, -517163001, -1920139651, -1624028134, 134182326, -1555581596, 1134495172, 346525589, 604675854, -1765618588, 1516852568, -739351526, -1040722279, -889175368, 1437502272, -1496129486, -435970086, -1050859115, -962773457, -1415017961, 331500622, 2130792031, -1316277718, -1770251897, 1702296237, -252640604, 270316397, -106036518, -582695313, -195104949, -1412678769, -1522393257, -1866142831, -1167366388, 358925540, -2062481726, -2030771560, 2137123875, 1245933602, -474157511, 2115746005, 828169535, -1101307834, -1810554817, -210360085, 1682079168, 1010888888, -1984929255, 359479182, 9293090, -114316883, -1120413096, 722688141, 1518920115, -1672440116, -1906225993, 484466705, -1480213876, -188947437, -164577498, 1533330470, 603831486, -82647812, -452535258, 1429271163, 609177546, 808577499, -897407401, -38420891, 190074199, -988575863, 110252367, -810603735, -1325189090, 1845441862, 2088260524, -151316870, -1174901208, -1346411301, -1622735252, 1808893760, 1508100667, -1773307649, -1801034373, 1282188442, -1750439791, 2078031355, -874723955, 1988794662, -694975797, 461293712, 223122221, -1743526273, -774727899, 103014168, 1327918870, -1177228025, 2117095145, -2122559254, -667927615, -1058952219, 1001838632, 1357176835, -1904807873, -416875183, 777889448, 1053991137, -154516408, -1709386994, 1945882648, -339020622, -264337005, 734082872, -1366853750, 1289650606, -1109244313, -163834561, 521927713, -516895296, 1838835057, -368570573, 1873272585, 1653366635, 653332184, 1769792321, -1849781081, 446531819, -992969074, 123479421, -2011581167, 57426330, 1122266089, 1892241889, -115851328, 5222805, -1074669967, -98403691, 1916921476, 1125929887, -81900549, -239135120, -356543561, -235417275, 1880947702, -940657730, 1679400885, 1531706689, 1321806852, 283743043, 1218406795, 419729443, 320528844, 1879142272, 216221421, -119960787, 601609742, 729871412, -1863254163, -14523009, -1773140745, -762533339, 630474474, 1925998451, -1805226058, 1514167071, 90696518, 1171314762, 1329324878, 24130108, -2017613477, -198319609, 1510135981, 1126505574, -1879450322, -701542501, -1895775746, 190852378, 1845330277, 166209, -1702733510, 673778542, -286510602, -496798933, 732808197, -1096307884, 407053857, -1662643618, -499998537, 290051872, 2098288031, 473635801, -146452296, -1795601081, 1299201307, -468987396, -1990978544, -1469090199, -564136479, -1762929624, 1639565885, -167774320, 455120085, -1515862878, 463170631, -570186566, -196213595, -468588356, 811242514, 1117886356, -1012740286, 1391732534, -1713855246, -1253282168, -1063679349, 508627169, 1248553348, -1490683911, 23845963, 1686085509, -1759692101, -1478767155, 1214859621, -1103595772, 400557113, -2035047125, -1500560307, 20968638, 1140570591, -408529275, 485437114, 1212991799, -730459481, 1859445208, 637944473, -1045342217, 1941609648, 1737683762, -369715644, 492386737, -2035843430, -436819084, -1009799181, 135937191, -2003535341, -90853031, 1309170802, -127236276, -13696078, 336842422, 3325204, -1920745174, -44071933, 161979907, 1259258087, -267033082, 1662588386, 956173337, 1370389800, 1898358593, -197765620, 1496166973, -777840391, 585793408, 1201346546, 536300636, 1751138385, 1313791119, -889449520, 379637656, 1148146227, -1858468990, 1412096510, 1150084355, 82492962, -1695050979, 936761222, -276247383, 1414350035, 143181941, -1265592330, 686222547, -467136476, -677254698, -655134602, 1125945738, 1091425869, 1868102631, 1642909724, 1912447066, 1613790292, -416799476, 1950445950, -1743174569, 1578232774, 841507595, 1861028232, -1167665563, 780144547, 999257841, 1558089616, 1621263795, -1256248167, 214313782, 279474855, -1330805625, 306514037, 1662670879, -1787932622, -1103250112, -988113706, -312325533, 316604344, 40194969, 1897992483, -417501167, 1336084476, 1748661802, -1517103170, 955805616, -1013657266, -915651532, 2011646585, 1549340071, 1519986973, 253348765, 1262785096, 1257800671, 658762449, -1391697095, -467589576, -86429786, -354557481, -1748572854, 1157778848, -1538344490, 1948137725, -1393586614, -1771826795, 295574838, -398783745, 1370653671, 195711394, -533909729, 1746528352, -1743304626, -926814280, 814714466, -1767741826, -618422868, -350992541, 792271977, 180489184, -2041930255, 601777214, -243506021, 13774290, -1085338922, -1658803287, -872573435, -788163788, 1185684001, -193794632, -550964426, 76345485, -100122073, -346812050, -1782195095, -427912858, -1704342894, 1917571114, 397268969, 1098826453, 1964844388, 245904481, -1052689231, -1796484265, 1052333115, 1627901837, -307666094, 1965669347, 1135533526, 276618084, 1485996313, 1607910971, 1032984535, 1378138701, -100298384, -9190268, -669398838, 584223503, 380432772, 1872735769, -1193843099, 1998767051, -967536088, 1689236891, -1321307119, -1053226964, 69264376, 1416244300, 1743046057, 1103671004, 1980096961, -1556363619, 71150208, 1864084025, 498720032, -22800892, 1269712040, 131254344, -1695157912, 470764563, -1208381327, 324369897, 932200649, 136354502, -1310269392, 2123805004, -1340448851, -1630419428, -1611804607, 1144469411, 1097896549, 234994408, 2078209870, 711326232, -1957904124, -480952600, 1144051408, 1382610433, 196756875, -387314154, -1039347755, -860255150, 1970665542, 1536031038, -1397743612, -2075012013, -1374151052, 103864784, 1500588766, 1936713106, 2124160813, -765366537, -1778805946, -1091613414, -1145822592, 34764777, 1951000898, 178790884, 294977243, -1125736576, 774107139, -867799923, -2100750161, -401142518, -1815822302, 973329993, -1050732460, 2096213596, -123188692, -1965501673, -1347184087, 740921133, 1151597920, -447104202, -933020417, 352637344, -1069640010, -1798862890, -840650057, -2078729182, -1392026589, -534567149, -1205815511, -150957962, -1911601125, 1485675294, 1264062791, 1182703629, -976557737, 1110333628, 1711669889, -1473424998, 1976302296, 813471988, -714094485, -650064922, 908982314, 1398772228, 947393693, -294110752, -1501482515, -1050358892, 542613211, 120609783, 750003857, 864748078, -1790298764, 469588652, -1741479072, -871150100, 1817309166, -914968990, 1014133185, 984711282, 1495820259, -684117896, 1586992314, -1466962402, 1720720421, 785426841, 976902838, -1926621570, -306814424, 1870360914, 561956744, -716906494, 1433962913, -1882197276, 1364531887, -2038277390, -899344790, 1718954843, 2076014043, 1601847201, -629394264, 748451038, 197191599, 1830788067, -364852433, 1492923209, 162127561, 1842308027, -170012636, -1510984200, -702396162, 1475008857, 121226211, -631381275, -1065491735, -526647230, 1661761059, -2142798091, -1680114777, 1318162384, 967407960, 651896718, -1070583589, -815589155, -697046952, 92229996, 1945888504, 1948603067, -250191295, -886579019, 831947198, -1514028186, 535060632, 1717317194, -67526396, 2065970940, 427314101, -2146988449, 1793254840, -981222804, -1225526945, -223138739, -379124956, -1187771026, -1501609550, -2107551834, 80617586, -557334606, -1057262007, -1674617206, -1877586318, -266703524, -1398863976, -1587203784, -1023339111, -1570910546, 848368793, -1125283097, -1772265396, 1220251398, -1511972694, 362597334, 848250206, 231284491, 1218595765, 1214787746, -714377513, 204076579, 2126473361, -184470826, -1449895689, 1401943847, 932156839, 577625800, 1877149050, 1578167386, -1920386088, -1049611614, -481902820, 1304645270, -1729390690, 1427888830, 2099878239, -1694250041, -1525337999, 538631991, -871278454, 2078818461, -759176597, 1142363836, 1142935029, 75241853, 163667502, 1103590055, 830878852, -928166216, 1836663557, -931301298, -466398864, 328232958, 772028233, -452953193, -230924979, -1223331052, 266183429, 1447653073, 2013067591, 581843397, -1039142692, 613112770, -102058833, 570622741, -1565689558, -383657476, 819783350, 501234620, -800425110, 1975522932, -833494921, 1816945106, -271398441, 2077245524, -1488536774, -1871974458, 1453067093, 1402760975, -1312340234, -624655724, -348145776, 987190710, -1615864553, -1244680394, 181809509, 346838922, 1752374146, -723436709, -1243700351, 2011419089, -799945771, 728477014, -1095400633, 1394716397, 2106817267, -202807463, 1429593591, -1592682839, -936213313, 2136981986, 641717259, 531976150, 2119604262, 466934132, 211871460, 608118550, -198903965, 543687562, -1719599962, -248811785, 1964158, 1414012616, 1061240415, 870935875, -491550188, 566375027, -924306322, -476755563, 1883029598, -1151987421, -1006058206, -666250961, 1411821163, -580521289, 1103624609, 1672094731, -1685909584, -1225705080, -1619022582, -1800364241, 1478067650, -1105602848, 247106014, -741238715, -1809289631, 2100757165, 690485659, 777371242, -1236363848, 1647262321, -1242764631, 297350213, 484919522, 654228348, -1130327942, -820398244, 615943344, -688984995, 1435664876, 76507298, 140213417, -1017747051, 954849777, -739177901, 1490753105, -469718642, -1526514063, -2059548924, 200668334, 1305963467, -1167199890, 334747125, -685785081, 1029138271, 793137257, 54300841, 1578587630, -50533213, 783181316, 1380699576, 2123033985, -110334429, 839610856, 1104778467, 388217836, 417735896, -1699116312, -629505943, 872996145, -657243236, 710197094, 1795973016, -1247705813, 1848536538, 801724405, -72225114, -1134904113, -1016044156, 1045635135, 2117187521, 1437937589, 2076517450, -1817322967, 892957028, -937177642, 1591530504, 1647787828, -767005205, 613172631, -1376822657, 350565414, 1796796521, 1908840966, -926913465, 1274614504, -58099015, 1485396322, 1407015684, -595382606, 1736730834, -251381792, 1328354007, 139982436, -311071393, 2135102124, -2139227369, -1840621257, 1119994767, 344956717, 2017766977, 1234522516, 2142317097, 1118325389, -1300644564, 1368963651, 142801890, 637996408, -910954112, 1454100936, 88865010, -556058589, -226507927, 1074401289, 384734692, 956660367, -2016676218, -670748108, -1723276371, 1653976334, 307139111, -1863212833, 1087399168, -1975640826, 323266744, -1661954960, 478504160, 2083021300, -635264393, 1124965310, -1314086282, 2144599731, -1544421523, -614766344, -833133020, 90657534, 1031062682, 1880492229, -273722407, 274702643, -571078542, 1502537645, 1652330151, -1189794727, 590500488, -1744221770, 481427858, -766201244, 641319561, 1744050258, 1328865705, 2090845879, -388418965, -329766280, -992887461, -1179004695, -1439250459, -1893700848, -811422462, 1900000203, -1960728287, 1095991699, 508524740, -1771806550, -967063377, 1554833650, -1077295205, -1882400048, 1243610301, -159555401, -1682658383, -1188401327, -711600763, -946224022, 147333104, -354802429, -1308104955, -660613835, 376851161, -1027823411, 2076735989, 994111946, -853435755, -756401628, 754702326, -1161086844, -1517285815, -2095424557, 742303495, 1981329356, -432455506, 13585658, -1517156292, 1167986878, 1758595040, -53375400, 73297328, 264837131, -1924022667, -1702365236, 1291410363, 1182302496, 786074064, 326967832, 304712032, -1470754937, 1001337271, 1596664040, 1256723465, -1703064947, -520725213, 691210514, -984302987, 2019544869, -424392617, -2034950369, -121744655, -1417520116, 224479284, -220952054, -1728057147, 951843885, -1105940790, -356026809, 1283878129, 1465054022, -1113529038, 393385222, -78035431, 501829834, 2071383706, -575781960, 1136462780, 65359113, 66308256, -1019729966, 397723820, -232794994, 606002404, -1388559664, 1896554682, -1788484153, 1343158232, 848085628, 1860375984, 788505835, -696436519, 793776495, 1264297859, -180729321, -1465667709, 1583410136, 416334793, 1444957626, -558228928, -569082757, 2146908264, -614631629, 1550285346, 1591133692, 565747088, -1375555144, -694644749, -95560610, 1418685162, -1783116935, -1701276023, -843533627, -1267553263, -148405500, 105565789, -498695805, 425986112, -1688959253, -1472680354, 1852835921, -1431695027, -1555280989, -1793995261, 1277964508, -957608490, -745088081, 343399582, -1519528573, -1425820999, -1760492036, 1505901048, 1525723231, 632061897, -1680830833, 1678378009, -717769085, 880784317, -2071444131, 1149808230, -1795202172, 1244072811, -1076091015, 677410289, -1953842885, -710950857, 2071195252, 1820804876, -1671825463, -1039500859, -862146048, 1560406047, -2058989093, 1427908341, 1647345622, -987333189, 669917486, -1961954800, 1569000921, 846904302, -200188075, -1053703106, -1466897797, 1613977816, 641099449, -819459013, 1216925535, 597660798, 485179361, 835894346, -1406338496, -349902370, 561512180, 1828107113, -703025136, 1327250754, 1528493435, -1992030779, -203141532, -954000423, -164643734, -2036017040, -2062774514, -1802968957, -819045792, -1510882224, -1634213365, -1264004629, -1400894931, -1399524262, 882704799, -511734310, -2047122027, 1199862528, 526132414, -1931782710, -843974573, -1131455769, -254905426, 1886130362, -1344962720, 1619058397, -1482317079, -336521664, -551856012, 962026762, 133158983, 2014320356, -1805064755, -1392709276, 1848786524, 21083562, -1006900690, -1311622296, -2112951778, -269113616, 1273897258, 775113478, 1471215307, -220632966, -1474062431, -903223076, -1920730103, -1689655605, -358119285, -1711297113, 1684685390, 1672061878, -1116487180, -1667916554, -168339070, -2133183949, -1210395065, -460441824, -1402276383, -1263461514, -2037539378, 1924281975, 1166161702, 1412268349, 1035521145, -909677635, -1577861659, -1967845015, -1589665827, 1268018646, -1043516616, 418651856, 2078599551, -1555885889, -936434019, -77204655, 58980691, 1040111550, 290350622, 2001186599, 1250897023, -422848806, 175125682, -2046211710, 1713513572, -1989822578, -150404381, -864713133, 139586013, 1623053497, 1719373232, -1526532761, 675643593, 329949655, 1030784948, 21843639, 21344198, -1664495242, -1432539001, 1456979965, 1335558208, 616165090, -1689158045, -1808924790, -1711457623, -152608990, -1634943478, 1988311126, 1757930249, 1819540776, 400674023, 306914137, 760969657, 2105525571, 207769971, 473621016, -196377494, -1030994985, 895129050, 1894018690, -1200250004, 622574416, -987895587, -1996966916, -1138870483, -1689766572, -205674246, 1416209849, -470590977, -853675209, -360489527, 1348920911, -425774563, -548933197, -1884781656, 1489294471, -1231101969, 1012167640, 2118970778, -1912139404, -610038644, -1346188991, -1151934100, -616246330, 1092050049, -1955937400, 1962299929, -206660513, 414730960, -1545498885, -231285649, -1679679450, -556322757, 1787224719, 1352821233, 1756527387, -504792383, 924891924, 1907400191, -925368148, 1023433065, 1318786474, -1763872460, -1034142394, 1419796541, 1944345971, 1409523471, -1395917522, 866183321, -633962359, 1245563348, -679318384, -1033195099, 1621614642, 1146845364, 1157473496, -1570667233, -992047022, -282766293, -765576384, 1639769181, 1500748320, 1165903017, 2050532521, -305135214, 456865308, -1994041484, 754483886, 1392609615, 1250046272, 246844876, -1803342346, 1857552461, -241176203, 1824979535, 902304202, -1333282455, -1270887096, -1797599074, -960320281, 557557743, -1984189731, -1212527807, 1398492052, -534605286, 2081233443, 1872006087, 1557188341, 631138267, 2071551561, -1079125711, 2133267873, -1517567527, -797959568, -313991024, 733665651, 821284025, -1470392927, -833561619, -1730865507, -2066013026, -761476608, -767245464, 1629835266, -534485773, -1612926142, 255978659, 1152074947, -593137561, 1249874011, -233915296, -1274156262, -67455687, -1566700420, -1427354008, 15123559, -1080823371, 1706263356, 201340846, 1181081224, 556416253, -1586506732, -1483356492, -14412179, -41461748, 1695447313, -1769445842, 1010724842, -343766280, 1820054724, 1344210404, 405706447, -57175433, 665643900, 1857727964, 713153845, -1212128861, -971179081, -1908891721, -506377446, -92095487, -1247303212, -1274369445, 74617648, 1269754815, 875410189, -603024430, -2021457679, 257759292, 1205689253, 1918352753, 476754934, 948633806, 970394717, 799827516, -2012758903, -762044482, -847654100, 514469769, 563473784, -1747289705, 455785262, -2003056670, -480151764, -745104224, -1692061733, 1430511663, -1046503431, -685140826, 1796333436, -1770008812, -1784009290, 800315134, -1023094565, -1176074600, -1165011824, -1553962295, 1801101370, 1169080326, 1957773083, 1862521209, -1879566459, 1433502231, -1236434007, -1465748588, -1242655286, -586390192, -1485432097, 2053805496, -1044710936, 1312373417, 1049275268, -940959266, -1115945850, -1096353681, -136691812, -318205726, 1926784327, 1656361322, 1963112117, -1747820478, 1931208507, -891774398, 807700864, 1000996901, 76968088, 545841438, 22459042, -2109696609, -977352279, -605070451, -1892691764, 755461427, 138829573, 1805848233, -755575288, -1797252712, -1083542780, -828516999, 526309462, -437699904, -526224785, -1937757801, -355018889, 648163605, -1148034954, 297161234, 1706003464, 1551909125, -1054634522, -1517871979, 1575392209, -927733056, -1860890725, -973962040, 1871155038, 1585805888, -998725582, 583593462, 646513871, -1784933495, -1851254525, 214553327, -1089201172, 1978842930, 243928654, 1898123311, 679708540, -713868509, -272819533, 1134046271, -145281066, -530148449, 1370650087, 204161626, 2060984, 443009156, 1932096164, -1902677164, 1916537943, 2105869009, -1709711391, -1132003145, -763888202, 1828724329, 1679477059, 1164801583, 474809402, 283610134, -179418414, -1299151577, 1512994430, -607334448, 992111599, -1991215437, 182753892, 1953374014, 1739470213, 57366448, -654391188, -964893572, -194939009, -1962654935, 1123283016, 1610819870, -1542917767, -253071620, 1810780847, -2004472460, -618671431, -852369732, 263750769, 1009037327, 631555424, 1323950297, 2098138827, -1143756412, 1113061596, -35931650, 435896572, 214204527, -1616191584, 1258169018, -1290729705, 673970618, -436104169, -672105631, 699587099, -497981154, 812718293, -711271884, -870572736, -1740511766, -1608194033, -599894081, 488864915, 1727760387, 1783203405, -300728958, 1185685700, 966848811, -1274999715, -1756824877, 701877310, 243639941, 247585930, 487982082, -1737935496, -521666984, 818870030, -1748762690, -318819702, 657827347, 1283236292, 2072438454, -130643453, -2013002608, -722774239, 800323971, 708148473, -1967784804, 1796092005, -1109937980, 1844534880, -1604529225, 1769029389, -1736963190, 1485294495, -168148713, 327649675, -566042634, -275096992, 1596319987, -980443336, 406721057, 1196871591, 528009213, -812058743, 713676091, -790416346, -29011153, -2010935167, 1436769014, 897997262, 2068533194, -327778202, -1407675100, -1353013591, 142780315, 492924599, 478408094, -1360906010, 1023982976, -1444403108, 464590952, 1387313205, 737150506, -711539937, 1966760978, 1691379797, -1888884445, -2127559590, -738186144, -1379053334, -1178653166, -1454440718, 366105389, 11177619, 705395261, 1521491075, -2135039093, 1253253436, -285957552, -966457892, -487636177, -1621570640, 1709102172, -1132847443, -1707370996, -261564303, 1571479073, 684427391, 1818900541, 1057478603, -1323560048, 1462952163, 394359335, 1063430950, 1389861258, 1360408302, 266848990, -384536164, -876144402, -638340124, 593337544, 1445341643, -523952686, -1576168654, -1310142337, -880403221, -2045139185, -1592556127, 185000443, 1294100258, 1253157379, 232262600, -870870032, -961335018, -765161839, -1493052478, 255128949, 2113302212, -364451988, -2105457119, -439116314, 753416080, -600184171, 429747746, 986727178, 396364700, 1272671777, -185945823, 1782451575, -1825793444, 2129816895, 431032655, -459583692, 1984749161, 716200313, 7255969, 893943968, -1686199658, -438322118, 1971298571, 192391059, 315081793, 714927247, -792671506, 529042626, -1843345686, 1488837937, -1567970610, 1328046951, -1564701431, -1462090045, 1926511943, 1188153121, -1865266661, 926265943, -704899007, -508283880, 810287613, -1042208714, -1194070942, -807903900, -1676859010, -293435680, -564254268, 1875445167, -2069218257, -1232353711, -1804289049, 1667120664, -677160068, 1150069638, 1284182249, -1463603366, 1052855039, 787329086, 707583988, -1213411027, -2125111789, -1408556283, -1929485578, -1053150228, 1410476712, 1972618093, -417728617, 224215159, -650373802, 1971216030, -839754904, 87364186, -2024928589, -1440862191, -1835010217, -1531883474, -2128610839, -1726608744, -235737493, 1365780031, -1788746622, 375819681]>
     but: was <length: 0 []>]
Original args: [length: 2031 [1499809402, -754046921, 1638824697, 567377066, 1997450889, -1070643578, 246374516, -323087101, -950061651, -1355376178, 690958869, 1466538379, 1437082197, -1403989993, -2102289606, -1366085803, -1450835549, -859672449, -2118818171, 313852754, 434484374, 1728891796, -1630910053, 537797826, 778742635, -587129627, -347002584, 927666919, -1200426177, -1309953578, -366077658, -465767940, -1852048903, 1061824948, -1453089441, 848993124, 779431014, -1508039927, -2063405520, -389677786, -1891904860, -82384336, 810894734, 21200025, 1347276484, 1441660203, -1109493682, -1405595557, 1454842283, -1456244557, 303652768, 773850503, -1659348424, -1250246000, -338503972, 389588006, 677532331, 966853931, -267366015, 1126704869, -54140860, -1210560416, -1430565511, 2035628552, -1073981142, -586976359, 2031822241, 1066956191, 1761088654, 992797976, -608499575, -913668362, 744114448, -1716237677, -1024321673, -368640687, -1560416927, 1936946949, 1478488498, -2117947944, -1161986263, 1037365698, 1578119164, 1078977232, 1133761578, 14899916, 421237855, 1272564235, 714496420, 1895448677, 1539699244, -628894047, -1555470853, -1003079195, -1291578816, 1039206880, 1958051991, -1588896819, 507844489, -784181376, 1420739595, -800696037, 1729046472, -1826973413, 254656120, 1764615647, 850877592, -1691761445, 732656691, -1916850418, -1162264402, -1532470412, -1117230939, -740721771, -1515037343, 1615282517, 396415346, 1121602225, 2018155628, 1739028249, -1439803427, -1737718915, 983204339, 1974494531, 1748634731, -1235056180, 942441155, -648892629, -1079545659, -61060040, -1362691362, 246464818, 1863039970, -1837654150, 385910837, -1803186628, -275596187, -1889895684, -1183265353, -1271582625, -765133501, -2134119764, 145482378, 1098539223, 1681461416, 1544145427, -906563177, -1101071555, 1341400347, -1219060571, 1288228172, -1336082440, 1625049311, 2048661338, -1654555748, -546780685, 539033500, -776720515, -449839542, 914123664, -291172801, 666092227, -1509041305, -901290277, -1522622178, 1622092958, -1819530727, 1428501763, 1364275294, -1323148077, -427939939, 581980421, -1812543848, -1901378742, -819357554, -932267607, -1524331078, 2002691364, 1380285030, 795877042, 1284556331, -1796428014, 1483983173, -612029104, -169964494, 1456199908, -9740815, 993701849, -1359605864, -2097811872, -1949095906, 1195013304, -1800003189, -1993584299, 1931495662, 727658661, 1301691588, 108382447, 1507643834, -286797802, 1906207724, -556174773, 483732242, -1760957452, -2054376901, 2004854349, -687446014, -2031463022, -1034560926, -728045391, -1559754345, -1795297830, -1398157397, 1778922592, -1454377311, -1891353656, 1342301533, -1665713916, -44586055, -1997507044, 943829092, 1793088990, 915793797, 338490443, 1515804465, -1424515626, 2008045370, 1961900726, 2044885983, 1537773779, 1518143330, 1436161565, 496968854, -1248250292, -1566335778, -1232962986, 1364477492, 376853791, -1758815698, -838133703, -1360014039, 1659208865, -448973584, -1570775330, -41647966, -1624886539, 674922406, 270654474, 279149545, 325860513, -588846148, 620441573, 138344971, 764668254, 463824840, -1714288655, 382091194, 1230529071, -131228141, 1765528887, 584478581, -919407436, -1735846057, 187773378, -236358683, 899332031, -1049016886, -1978259119, -1407275894, 63005991, -939213733, 640801095, -53526378, -647791396, 520754746, 2129370086, -2108015592, -1643182789, 1755009694, -1680657732, -1213015203, -56263516, 1707911362, -975395748, -1241667437, -2028810168, -254928849, -225459887, -1305522258, -209949625, 2094479681, -898202545, -1402319730, -1295468295, 1239486947, -1055604308, -2096703647, -846161525, 2007102108, -1436100082, 1141027654, -1148076082, -1745117233, 260858980, -749944014, 332523851, -45331650, -987823335, -1791325929, 504387994, 957817295, -251340665, -256642238, -1440471565, -1954451053, 1989234345, -24896508, 616244741, 544058371, 1304307221, 1359208340, -1009345018, 600688780, 2020737064, 1128098867, 1168111115, -128267444, 1718147202, -285855599, 453055128, 980907038, -1465507404, -1476473745, -904846725, 14703060, -811632328, 1862199173, -1004538411, -835979838, 1590306465, 552407717, 355938936, 1967219587, -2077959662, -2000611553, 143260024, 1746196727, 234511860, -655271833, -1010773508, 1600461450, 867250147, 1211247605, -1416041132, 1680175036, -1421396760, -1829221524, 741021776, 603184092, 592968941, 1471005950, -543167025, 1236508438, 880757101, -1466233330, 2086411926, -1100987472, -875508886, -1434706922, -116858270, 749583248, -1103541084, -1277974582, -829823425, -1739697663, -517163001, -1920139651, -1624028134, 134182326, -1555581596, 1134495172, 346525589, 604675854, -1765618588, 1516852568, -739351526, -1040722279, -889175368, 1437502272, -1496129486, -435970086, -1050859115, -962773457, -1415017961, 331500622, 2130792031, -1316277718, -1770251897, 1702296237, -252640604, 270316397, -106036518, -582695313, -195104949, -1412678769, -1522393257, -1866142831, -1167366388, 358925540, -2062481726, -2030771560, 2137123875, 1245933602, -474157511, 2115746005, 828169535, -1101307834, -1810554817, -210360085, 1682079168, 1010888888, -1984929255, 359479182, 9293090, -114316883, -1120413096, 722688141, 1518920115, -1672440116, -1906225993, 484466705, -1480213876, -188947437, -164577498, 1533330470, 603831486, -82647812, -452535258, 1429271163, 609177546, 808577499, -897407401, -38420891, 190074199, -988575863, 110252367, -810603735, -1325189090, 1845441862, 2088260524, -151316870, -1174901208, -1346411301, -1622735252, 1808893760, 1508100667, -1773307649, -1801034373, 1282188442, -1750439791, 2078031355, -874723955, 1988794662, -694975797, 461293712, 223122221, -1743526273, -774727899, 103014168, 1327918870, -1177228025, 2117095145, -2122559254, -667927615, -1058952219, 1001838632, 1357176835, -1904807873, -416875183, 777889448, 1053991137, -154516408, -1709386994, 1945882648, -339020622, -264337005, 734082872, -1366853750, 1289650606, -1109244313, -163834561, 521927713, -516895296, 1838835057, -368570573, 1873272585, 1653366635, 653332184, 1769792321, -1849781081, 446531819, -992969074, 123479421, -2011581167, 57426330, 1122266089, 1892241889, -115851328, 5222805, -1074669967, -98403691, 1916921476, 1125929887, -81900549, -239135120, -356543561, -235417275, 1880947702, -940657730, 1679400885, 1531706689, 1321806852, 283743043, 1218406795, 419729443, 320528844, 1879142272, 216221421, -119960787, 601609742, 729871412, -1863254163, -14523009, -1773140745, -762533339, 630474474, 1925998451, -1805226058, 1514167071, 90696518, 1171314762, 1329324878, 24130108, -2017613477, -198319609, 1510135981, 1126505574, -1879450322, -701542501, -1895775746, 190852378, 1845330277, 166209, -1702733510, 673778542, -286510602, -496798933, 732808197, -1096307884, 407053857, -1662643618, -499998537, 290051872, 2098288031, 473635801, -146452296, -1795601081, 1299201307, -468987396, -1990978544, -1469090199, -564136479, -1762929624, 1639565885, -167774320, 455120085, -1515862878, 463170631, -570186566, -196213595, -468588356, 811242514, 1117886356, -1012740286, 1391732534, -1713855246, -1253282168, -1063679349, 508627169, 1248553348, -1490683911, 23845963, 1686085509, -1759692101, -1478767155, 1214859621, -1103595772, 400557113, -2035047125, -1500560307, 20968638, 1140570591, -408529275, 485437114, 1212991799, -730459481, 1859445208, 637944473, -1045342217, 1941609648, 1737683762, -369715644, 492386737, -2035843430, -436819084, -1009799181, 135937191, -2003535341, -90853031, 1309170802, -127236276, -13696078, 336842422, 3325204, -1920745174, -44071933, 161979907, 1259258087, -267033082, 1662588386, 956173337, 1370389800, 1898358593, -197765620, 1496166973, -777840391, 585793408, 1201346546, 536300636, 1751138385, 1313791119, -889449520, 379637656, 1148146227, -1858468990, 1412096510, 1150084355, 82492962, -1695050979, 936761222, -276247383, 1414350035, 143181941, -1265592330, 686222547, -467136476, -677254698, -655134602, 1125945738, 1091425869, 1868102631, 1642909724, 1912447066, 1613790292, -416799476, 1950445950, -1743174569, 1578232774, 841507595, 1861028232, -1167665563, 780144547, 999257841, 1558089616, 1621263795, -1256248167, 214313782, 279474855, -1330805625, 306514037, 1662670879, -1787932622, -1103250112, -988113706, -312325533, 316604344, 40194969, 1897992483, -417501167, 1336084476, 1748661802, -1517103170, 955805616, -1013657266, -915651532, 2011646585, 1549340071, 1519986973, 253348765, 1262785096, 1257800671, 658762449, -1391697095, -467589576, -86429786, -354557481, -1748572854, 1157778848, -1538344490, 1948137725, -1393586614, -1771826795, 295574838, -398783745, 1370653671, 195711394, -533909729, 1746528352, -1743304626, -926814280, 814714466, -1767741826, -618422868, -350992541, 792271977, 180489184, -2041930255, 601777214, -243506021, 13774290, -1085338922, -1658803287, -872573435, -788163788, 1185684001, -193794632, -550964426, 76345485, -100122073, -346812050, -1782195095, -427912858, -1704342894, 1917571114, 397268969, 1098826453, 1964844388, 245904481, -1052689231, -1796484265, 1052333115, 1627901837, -307666094, 1965669347, 1135533526, 276618084, 1485996313, 1607910971, 1032984535, 1378138701, -100298384, -9190268, -669398838, 584223503, 380432772, 1872735769, -1193843099, 1998767051, -967536088, 1689236891, -1321307119, -1053226964, 69264376, 1416244300, 1743046057, 1103671004, 1980096961, -1556363619, 71150208, 1864084025, 498720032, -22800892, 1269712040, 131254344, -1695157912, 470764563, -1208381327, 324369897, 932200649, 136354502, -1310269392, 2123805004, -1340448851, -1630419428, -1611804607, 1144469411, 1097896549, 234994408, 2078209870, 711326232, -1957904124, -480952600, 1144051408, 1382610433, 196756875, -387314154, -1039347755, -860255150, 1970665542, 1536031038, -1397743612, -2075012013, -1374151052, 103864784, 1500588766, 1936713106, 2124160813, -765366537, -1778805946, -1091613414, -1145822592, 34764777, 1951000898, 178790884, 294977243, -1125736576, 774107139, -867799923, -2100750161, -401142518, -1815822302, 973329993, -1050732460, 2096213596, -123188692, -1965501673, -1347184087, 740921133, 1151597920, -447104202, -933020417, 352637344, -1069640010, -1798862890, -840650057, -2078729182, -1392026589, -534567149, -1205815511, -150957962, -1911601125, 1485675294, 1264062791, 1182703629, -976557737, 1110333628, 1711669889, -1473424998, 1976302296, 813471988, -714094485, -650064922, 908982314, 1398772228, 947393693, -294110752, -1501482515, -1050358892, 542613211, 120609783, 750003857, 864748078, -1790298764, 469588652, -1741479072, -871150100, 1817309166, -914968990, 1014133185, 984711282, 1495820259, -684117896, 1586992314, -1466962402, 1720720421, 785426841, 976902838, -1926621570, -306814424, 1870360914, 561956744, -716906494, 1433962913, -1882197276, 1364531887, -2038277390, -899344790, 1718954843, 2076014043, 1601847201, -629394264, 748451038, 197191599, 1830788067, -364852433, 1492923209, 162127561, 1842308027, -170012636, -1510984200, -702396162, 1475008857, 121226211, -631381275, -1065491735, -526647230, 1661761059, -2142798091, -1680114777, 1318162384, 967407960, 651896718, -1070583589, -815589155, -697046952, 92229996, 1945888504, 1948603067, -250191295, -886579019, 831947198, -1514028186, 535060632, 1717317194, -67526396, 2065970940, 427314101, -2146988449, 1793254840, -981222804, -1225526945, -223138739, -379124956, -1187771026, -1501609550, -2107551834, 80617586, -557334606, -1057262007, -1674617206, -1877586318, -266703524, -1398863976, -1587203784, -1023339111, -1570910546, 848368793, -1125283097, -1772265396, 1220251398, -1511972694, 362597334, 848250206, 231284491, 1218595765, 1214787746, -714377513, 204076579, 2126473361, -184470826, -1449895689, 1401943847, 932156839, 577625800, 1877149050, 1578167386, -1920386088, -1049611614, -481902820, 1304645270, -1729390690, 1427888830, 2099878239, -1694250041, -1525337999, 538631991, -871278454, 2078818461, -759176597, 1142363836, 1142935029, 75241853, 163667502, 1103590055, 830878852, -928166216, 1836663557, -931301298, -466398864, 328232958, 772028233, -452953193, -230924979, -1223331052, 266183429, 1447653073, 2013067591, 581843397, -1039142692, 613112770, -102058833, 570622741, -1565689558, -383657476, 819783350, 501234620, -800425110, 1975522932, -833494921, 1816945106, -271398441, 2077245524, -1488536774, -1871974458, 1453067093, 1402760975, -1312340234, -624655724, -348145776, 987190710, -1615864553, -1244680394, 181809509, 346838922, 1752374146, -723436709, -1243700351, 2011419089, -799945771, 728477014, -1095400633, 1394716397, 2106817267, -202807463, 1429593591, -1592682839, -936213313, 2136981986, 641717259, 531976150, 2119604262, 466934132, 211871460, 608118550, -198903965, 543687562, -1719599962, -248811785, 1964158, 1414012616, 1061240415, 870935875, -491550188, 566375027, -924306322, -476755563, 1883029598, -1151987421, -1006058206, -666250961, 1411821163, -580521289, 1103624609, 1672094731, -1685909584, -1225705080, -1619022582, -1800364241, 1478067650, -1105602848, 247106014, -741238715, -1809289631, 2100757165, 690485659, 777371242, -1236363848, 1647262321, -1242764631, 297350213, 484919522, 654228348, -1130327942, -820398244, 615943344, -688984995, 1435664876, 76507298, 140213417, -1017747051, 954849777, -739177901, 1490753105, -469718642, -1526514063, -2059548924, 200668334, 1305963467, -1167199890, 334747125, -685785081, 1029138271, 793137257, 54300841, 1578587630, -50533213, 783181316, 1380699576, 2123033985, -110334429, 839610856, 1104778467, 388217836, 417735896, -1699116312, -629505943, 872996145, -657243236, 710197094, 1795973016, -1247705813, 1848536538, 801724405, -72225114, -1134904113, -1016044156, 1045635135, 2117187521, 1437937589, 2076517450, -1817322967, 892957028, -937177642, 1591530504, 1647787828, -767005205, 613172631, -1376822657, 350565414, 1796796521, 1908840966, -926913465, 1274614504, -58099015, 1485396322, 1407015684, -595382606, 1736730834, -251381792, 1328354007, 139982436, -311071393, 2135102124, -2139227369, -1840621257, 1119994767, 344956717, 2017766977, 1234522516, 2142317097, 1118325389, -1300644564, 1368963651, 142801890, 637996408, -910954112, 1454100936, 88865010, -556058589, -226507927, 1074401289, 384734692, 956660367, -2016676218, -670748108, -1723276371, 1653976334, 307139111, -1863212833, 1087399168, -1975640826, 323266744, -1661954960, 478504160, 2083021300, -635264393, 1124965310, -1314086282, 2144599731, -1544421523, -614766344, -833133020, 90657534, 1031062682, 1880492229, -273722407, 274702643, -571078542, 1502537645, 1652330151, -1189794727, 590500488, -1744221770, 481427858, -766201244, 641319561, 1744050258, 1328865705, 2090845879, -388418965, -329766280, -992887461, -1179004695, -1439250459, -1893700848, -811422462, 1900000203, -1960728287, 1095991699, 508524740, -1771806550, -967063377, 1554833650, -1077295205, -1882400048, 1243610301, -159555401, -1682658383, -1188401327, -711600763, -946224022, 147333104, -354802429, -1308104955, -660613835, 376851161, -1027823411, 2076735989, 994111946, -853435755, -756401628, 754702326, -1161086844, -1517285815, -2095424557, 742303495, 1981329356, -432455506, 13585658, -1517156292, 1167986878, 1758595040, -53375400, 73297328, 264837131, -1924022667, -1702365236, 1291410363, 1182302496, 786074064, 326967832, 304712032, -1470754937, 1001337271, 1596664040, 1256723465, -1703064947, -520725213, 691210514, -984302987, 2019544869, -424392617, -2034950369, -121744655, -1417520116, 224479284, -220952054, -1728057147, 951843885, -1105940790, -356026809, 1283878129, 1465054022, -1113529038, 393385222, -78035431, 501829834, 2071383706, -575781960, 1136462780, 65359113, 66308256, -1019729966, 397723820, -232794994, 606002404, -1388559664, 1896554682, -1788484153, 1343158232, 848085628, 1860375984, 788505835, -696436519, 793776495, 1264297859, -180729321, -1465667709, 1583410136, 416334793, 1444957626, -558228928, -569082757, 2146908264, -614631629, 1550285346, 1591133692, 565747088, -1375555144, -694644749, -95560610, 1418685162, -1783116935, -1701276023, -843533627, -1267553263, -148405500, 105565789, -498695805, 425986112, -1688959253, -1472680354, 1852835921, -1431695027, -1555280989, -1793995261, 1277964508, -957608490, -745088081, 343399582, -1519528573, -1425820999, -1760492036, 1505901048, 1525723231, 632061897, -1680830833, 1678378009, -717769085, 880784317, -2071444131, 1149808230, -1795202172, 1244072811, -1076091015, 677410289, -1953842885, -710950857, 2071195252, 1820804876, -1671825463, -1039500859, -862146048, 1560406047, -2058989093, 1427908341, 1647345622, -987333189, 669917486, -1961954800, 1569000921, 846904302, -200188075, -1053703106, -1466897797, 1613977816, 641099449, -819459013, 1216925535, 597660798, 485179361, 835894346, -1406338496, -349902370, 561512180, 1828107113, -703025136, 1327250754, 1528493435, -1992030779, -203141532, -954000423, -164643734, -2036017040, -2062774514, -1802968957, -819045792, -1510882224, -1634213365, -1264004629, -1400894931, -1399524262, 882704799, -511734310, -2047122027, 1199862528, 526132414, -1931782710, -843974573, -1131455769, -254905426, 1886130362, -1344962720, 1619058397, -1482317079, -336521664, -551856012, 962026762, 133158983, 2014320356, -1805064755, -1392709276, 1848786524, 21083562, -1006900690, -1311622296, -2112951778, -269113616, 1273897258, 775113478, 1471215307, -220632966, -1474062431, -903223076, -1920730103, -1689655605, -358119285, -1711297113, 1684685390, 1672061878, -1116487180, -1667916554, -168339070, -2133183949, -1210395065, -460441824, -1402276383, -1263461514, -2037539378, 1924281975, 1166161702, 1412268349, 1035521145, -909677635, -1577861659, -1967845015, -1589665827, 1268018646, -1043516616, 418651856, 2078599551, -1555885889, -936434019, -77204655, 58980691, 1040111550, 290350622, 2001186599, 1250897023, -422848806, 175125682, -2046211710, 1713513572, -1989822578, -150404381, -864713133, 139586013, 1623053497, 1719373232, -1526532761, 675643593, 329949655, 1030784948, 21843639, 21344198, -1664495242, -1432539001, 1456979965, 1335558208, 616165090, -1689158045, -1808924790, -1711457623, -152608990, -1634943478, 1988311126, 1757930249, 1819540776, 400674023, 306914137, 760969657, 2105525571, 207769971, 473621016, -196377494, -1030994985, 895129050, 1894018690, -1200250004, 622574416, -987895587, -1996966916, -1138870483, -1689766572, -205674246, 1416209849, -470590977, -853675209, -360489527, 1348920911, -425774563, -548933197, -1884781656, 1489294471, -1231101969, 1012167640, 2118970778, -1912139404, -610038644, -1346188991, -1151934100, -616246330, 1092050049, -1955937400, 1962299929, -206660513, 414730960, -1545498885, -231285649, -1679679450, -556322757, 1787224719, 1352821233, 1756527387, -504792383, 924891924, 1907400191, -925368148, 1023433065, 1318786474, -1763872460, -1034142394, 1419796541, 1944345971, 1409523471, -1395917522, 866183321, -633962359, 1245563348, -679318384, -1033195099, 1621614642, 1146845364, 1157473496, -1570667233, -992047022, -282766293, -765576384, 1639769181, 1500748320, 1165903017, 2050532521, -305135214, 456865308, -1994041484, 754483886, 1392609615, 1250046272, 246844876, -1803342346, 1857552461, -241176203, 1824979535, 902304202, -1333282455, -1270887096, -1797599074, -960320281, 557557743, -1984189731, -1212527807, 1398492052, -534605286, 2081233443, 1872006087, 1557188341, 631138267, 2071551561, -1079125711, 2133267873, -1517567527, -797959568, -313991024, 733665651, 821284025, -1470392927, -833561619, -1730865507, -2066013026, -761476608, -767245464, 1629835266, -534485773, -1612926142, 255978659, 1152074947, -593137561, 1249874011, -233915296, -1274156262, -67455687, -1566700420, -1427354008, 15123559, -1080823371, 1706263356, 201340846, 1181081224, 556416253, -1586506732, -1483356492, -14412179, -41461748, 1695447313, -1769445842, 1010724842, -343766280, 1820054724, 1344210404, 405706447, -57175433, 665643900, 1857727964, 713153845, -1212128861, -971179081, -1908891721, -506377446, -92095487, -1247303212, -1274369445, 74617648, 1269754815, 875410189, -603024430, -2021457679, 257759292, 1205689253, 1918352753, 476754934, 948633806, 970394717, 799827516, -2012758903, -762044482, -847654100, 514469769, 563473784, -1747289705, 455785262, -2003056670, -480151764, -745104224, -1692061733, 1430511663, -1046503431, -685140826, 1796333436, -1770008812, -1784009290, 800315134, -1023094565, -1176074600, -1165011824, -1553962295, 1801101370, 1169080326, 1957773083, 1862521209, -1879566459, 1433502231, -1236434007, -1465748588, -1242655286, -586390192, -1485432097, 2053805496, -1044710936, 1312373417, 1049275268, -940959266, -1115945850, -1096353681, -136691812, -318205726, 1926784327, 1656361322, 1963112117, -1747820478, 1931208507, -891774398, 807700864, 1000996901, 76968088, 545841438, 22459042, -2109696609, -977352279, -605070451, -1892691764, 755461427, 138829573, 1805848233, -755575288, -1797252712, -1083542780, -828516999, 526309462, -437699904, -526224785, -1937757801, -355018889, 648163605, -1148034954, 297161234, 1706003464, 1551909125, -1054634522, -1517871979, 1575392209, -927733056, -1860890725, -973962040, 1871155038, 1585805888, -998725582, 583593462, 646513871, -1784933495, -1851254525, 214553327, -1089201172, 1978842930, 243928654, 1898123311, 679708540, -713868509, -272819533, 1134046271, -145281066, -530148449, 1370650087, 204161626, 2060984, 443009156, 1932096164, -1902677164, 1916537943, 2105869009, -1709711391, -1132003145, -763888202, 1828724329, 1679477059, 1164801583, 474809402, 283610134, -179418414, -1299151577, 1512994430, -607334448, 992111599, -1991215437, 182753892, 1953374014, 1739470213, 57366448, -654391188, -964893572, -194939009, -1962654935, 1123283016, 1610819870, -1542917767, -253071620, 1810780847, -2004472460, -618671431, -852369732, 263750769, 1009037327, 631555424, 1323950297, 2098138827, -1143756412, 1113061596, -35931650, 435896572, 214204527, -1616191584, 1258169018, -1290729705, 673970618, -436104169, -672105631, 699587099, -497981154, 812718293, -711271884, -870572736, -1740511766, -1608194033, -599894081, 488864915, 1727760387, 1783203405, -300728958, 1185685700, 966848811, -1274999715, -1756824877, 701877310, 243639941, 247585930, 487982082, -1737935496, -521666984, 818870030, -1748762690, -318819702, 657827347, 1283236292, 2072438454, -130643453, -2013002608, -722774239, 800323971, 708148473, -1967784804, 1796092005, -1109937980, 1844534880, -1604529225, 1769029389, -1736963190, 1485294495, -168148713, 327649675, -566042634, -275096992, 1596319987, -980443336, 406721057, 1196871591, 528009213, -812058743, 713676091, -790416346, -29011153, -2010935167, 1436769014, 897997262, 2068533194, -327778202, -1407675100, -1353013591, 142780315, 492924599, 478408094, -1360906010, 1023982976, -1444403108, 464590952, 1387313205, 737150506, -711539937, 1966760978, 1691379797, -1888884445, -2127559590, -738186144, -1379053334, -1178653166, -1454440718, 366105389, 11177619, 705395261, 1521491075, -2135039093, 1253253436, -285957552, -966457892, -487636177, -1621570640, 1709102172, -1132847443, -1707370996, -261564303, 1571479073, 684427391, 1818900541, 1057478603, -1323560048, 1462952163, 394359335, 1063430950, 1389861258, 1360408302, 266848990, -384536164, -876144402, -638340124, 593337544, 1445341643, -523952686, -1576168654, -1310142337, -880403221, -2045139185, -1592556127, 185000443, 1294100258, 1253157379, 232262600, -870870032, -961335018, -765161839, -1493052478, 255128949, 2113302212, -364451988, -2105457119, -439116314, 753416080, -600184171, 429747746, 986727178, 396364700, 1272671777, -185945823, 1782451575, -1825793444, 2129816895, 431032655, -459583692, 1984749161, 716200313, 7255969, 893943968, -1686199658, -438322118, 1971298571, 192391059, 315081793, 714927247, -792671506, 529042626, -1843345686, 1488837937, -1567970610, 1328046951, -1564701431, -1462090045, 1926511943, 1188153121, -1865266661, 926265943, -704899007, -508283880, 810287613, -1042208714, -1194070942, -807903900, -1676859010, -293435680, -564254268, 1875445167, -2069218257, -1232353711, -1804289049, 1667120664, -677160068, 1150069638, 1284182249, -1463603366, 1052855039, 787329086, 707583988, -1213411027, -2125111789, -1408556283, -1929485578, -1053150228, 1410476712, 1972618093, -417728617, 224215159, -650373802, 1971216030, -839754904, 87364186, -2024928589, -1440862191, -1835010217, -1531883474, -2128610839, -1726608744, -235737493, 1365780031, -1788746622, 375819681]]
Seeds: [-7269755879501605388]

	at org.hamcrest.MatcherAssert.assertThat(MatcherAssert.java:20)
	at org.hamcrest.MatcherAssert.assertThat(MatcherAssert.java:8)
	at org.example.MyListQuickCheckTest.doubleReverseIsOriginalBug(MyListQuickCheckTest.java:30)
	at java.base/jdk.internal.reflect.DirectMethodHandleAccessor.invoke(DirectMethodHandleAccessor.java:104)
	at java.base/java.lang.reflect.Method.invoke(Method.java:577)
	at org.junit.runners.model.FrameworkMethod$1.runReflectiveCall(FrameworkMethod.java:50)
	at org.junit.internal.runners.model.ReflectiveCallable.run(ReflectiveCallable.java:12)
	at org.junit.runners.model.FrameworkMethod.invokeExplosively(FrameworkMethod.java:47)
	at com.pholser.junit.quickcheck.runner.PropertyVerifier$2.evaluate(PropertyVerifier.java:104)
	at com.pholser.junit.quickcheck.runner.PropertyVerifier$1.evaluate(PropertyVerifier.java:76)
	at com.pholser.junit.quickcheck.runner.PropertyVerifier.verify(PropertyVerifier.java:68)
	at com.pholser.junit.quickcheck.runner.ShrinkNode.verifyProperty(ShrinkNode.java:98)
	at com.pholser.junit.quickcheck.runner.Shrinker.shrink(Shrinker.java:82)
	at com.pholser.junit.quickcheck.runner.PropertyStatement.shrink(PropertyStatement.java:158)
	at com.pholser.junit.quickcheck.runner.PropertyStatement.lambda$property$38(PropertyStatement.java:132)
	at com.pholser.junit.quickcheck.runner.PropertyVerifier$1.evaluate(PropertyVerifier.java:86)
	at com.pholser.junit.quickcheck.runner.PropertyVerifier.verify(PropertyVerifier.java:68)
	at com.pholser.junit.quickcheck.runner.PropertyStatement.verifyProperty(PropertyStatement.java:108)
	at com.pholser.junit.quickcheck.runner.PropertyStatement.evaluate(PropertyStatement.java:92)
	at org.junit.runners.ParentRunner.runLeaf(ParentRunner.java:325)
	at org.junit.runners.BlockJUnit4ClassRunner.runChild(BlockJUnit4ClassRunner.java:78)
	at org.junit.runners.BlockJUnit4ClassRunner.runChild(BlockJUnit4ClassRunner.java:57)
	at org.junit.runners.ParentRunner$3.run(ParentRunner.java:290)
	at org.junit.runners.ParentRunner$1.schedule(ParentRunner.java:71)
	at org.junit.runners.ParentRunner.runChildren(ParentRunner.java:288)
	at org.junit.runners.ParentRunner.access$000(ParentRunner.java:58)
	at org.junit.runners.ParentRunner$2.evaluate(ParentRunner.java:268)
	at org.junit.runners.ParentRunner.run(ParentRunner.java:363)
	at org.apache.maven.surefire.junit4.JUnit4Provider.execute(JUnit4Provider.java:252)
	at org.apache.maven.surefire.junit4.JUnit4Provider.executeTestSet(JUnit4Provider.java:141)
	at org.apache.maven.surefire.junit4.JUnit4Provider.invoke(JUnit4Provider.java:112)
	at java.base/jdk.internal.reflect.DirectMethodHandleAccessor.invoke(DirectMethodHandleAccessor.java:104)
	at java.base/java.lang.reflect.Method.invoke(Method.java:577)
	at org.apache.maven.surefire.util.ReflectionUtils.invokeMethodWithArray(ReflectionUtils.java:189)
	at org.apache.maven.surefire.booter.ProviderFactory$ProviderProxy.invoke(ProviderFactory.java:165)
	at org.apache.maven.surefire.booter.ProviderFactory.invokeProvider(ProviderFactory.java:85)
	at org.apache.maven.surefire.booter.ForkedBooter.runSuitesInProcess(ForkedBooter.java:115)
	at org.apache.maven.surefire.booter.ForkedBooter.main(ForkedBooter.java:75)
Caused by: java.lang.AssertionError: 
Expected: <length: 2031 [1499809402, -754046921, 1638824697, 567377066, 1997450889, -1070643578, 246374516, -323087101, -950061651, -1355376178, 690958869, 1466538379, 1437082197, -1403989993, -2102289606, -1366085803, -1450835549, -859672449, -2118818171, 313852754, 434484374, 1728891796, -1630910053, 537797826, 778742635, -587129627, -347002584, 927666919, -1200426177, -1309953578, -366077658, -465767940, -1852048903, 1061824948, -1453089441, 848993124, 779431014, -1508039927, -2063405520, -389677786, -1891904860, -82384336, 810894734, 21200025, 1347276484, 1441660203, -1109493682, -1405595557, 1454842283, -1456244557, 303652768, 773850503, -1659348424, -1250246000, -338503972, 389588006, 677532331, 966853931, -267366015, 1126704869, -54140860, -1210560416, -1430565511, 2035628552, -1073981142, -586976359, 2031822241, 1066956191, 1761088654, 992797976, -608499575, -913668362, 744114448, -1716237677, -1024321673, -368640687, -1560416927, 1936946949, 1478488498, -2117947944, -1161986263, 1037365698, 1578119164, 1078977232, 1133761578, 14899916, 421237855, 1272564235, 714496420, 1895448677, 1539699244, -628894047, -1555470853, -1003079195, -1291578816, 1039206880, 1958051991, -1588896819, 507844489, -784181376, 1420739595, -800696037, 1729046472, -1826973413, 254656120, 1764615647, 850877592, -1691761445, 732656691, -1916850418, -1162264402, -1532470412, -1117230939, -740721771, -1515037343, 1615282517, 396415346, 1121602225, 2018155628, 1739028249, -1439803427, -1737718915, 983204339, 1974494531, 1748634731, -1235056180, 942441155, -648892629, -1079545659, -61060040, -1362691362, 246464818, 1863039970, -1837654150, 385910837, -1803186628, -275596187, -1889895684, -1183265353, -1271582625, -765133501, -2134119764, 145482378, 1098539223, 1681461416, 1544145427, -906563177, -1101071555, 1341400347, -1219060571, 1288228172, -1336082440, 1625049311, 2048661338, -1654555748, -546780685, 539033500, -776720515, -449839542, 914123664, -291172801, 666092227, -1509041305, -901290277, -1522622178, 1622092958, -1819530727, 1428501763, 1364275294, -1323148077, -427939939, 581980421, -1812543848, -1901378742, -819357554, -932267607, -1524331078, 2002691364, 1380285030, 795877042, 1284556331, -1796428014, 1483983173, -612029104, -169964494, 1456199908, -9740815, 993701849, -1359605864, -2097811872, -1949095906, 1195013304, -1800003189, -1993584299, 1931495662, 727658661, 1301691588, 108382447, 1507643834, -286797802, 1906207724, -556174773, 483732242, -1760957452, -2054376901, 2004854349, -687446014, -2031463022, -1034560926, -728045391, -1559754345, -1795297830, -1398157397, 1778922592, -1454377311, -1891353656, 1342301533, -1665713916, -44586055, -1997507044, 943829092, 1793088990, 915793797, 338490443, 1515804465, -1424515626, 2008045370, 1961900726, 2044885983, 1537773779, 1518143330, 1436161565, 496968854, -1248250292, -1566335778, -1232962986, 1364477492, 376853791, -1758815698, -838133703, -1360014039, 1659208865, -448973584, -1570775330, -41647966, -1624886539, 674922406, 270654474, 279149545, 325860513, -588846148, 620441573, 138344971, 764668254, 463824840, -1714288655, 382091194, 1230529071, -131228141, 1765528887, 584478581, -919407436, -1735846057, 187773378, -236358683, 899332031, -1049016886, -1978259119, -1407275894, 63005991, -939213733, 640801095, -53526378, -647791396, 520754746, 2129370086, -2108015592, -1643182789, 1755009694, -1680657732, -1213015203, -56263516, 1707911362, -975395748, -1241667437, -2028810168, -254928849, -225459887, -1305522258, -209949625, 2094479681, -898202545, -1402319730, -1295468295, 1239486947, -1055604308, -2096703647, -846161525, 2007102108, -1436100082, 1141027654, -1148076082, -1745117233, 260858980, -749944014, 332523851, -45331650, -987823335, -1791325929, 504387994, 957817295, -251340665, -256642238, -1440471565, -1954451053, 1989234345, -24896508, 616244741, 544058371, 1304307221, 1359208340, -1009345018, 600688780, 2020737064, 1128098867, 1168111115, -128267444, 1718147202, -285855599, 453055128, 980907038, -1465507404, -1476473745, -904846725, 14703060, -811632328, 1862199173, -1004538411, -835979838, 1590306465, 552407717, 355938936, 1967219587, -2077959662, -2000611553, 143260024, 1746196727, 234511860, -655271833, -1010773508, 1600461450, 867250147, 1211247605, -1416041132, 1680175036, -1421396760, -1829221524, 741021776, 603184092, 592968941, 1471005950, -543167025, 1236508438, 880757101, -1466233330, 2086411926, -1100987472, -875508886, -1434706922, -116858270, 749583248, -1103541084, -1277974582, -829823425, -1739697663, -517163001, -1920139651, -1624028134, 134182326, -1555581596, 1134495172, 346525589, 604675854, -1765618588, 1516852568, -739351526, -1040722279, -889175368, 1437502272, -1496129486, -435970086, -1050859115, -962773457, -1415017961, 331500622, 2130792031, -1316277718, -1770251897, 1702296237, -252640604, 270316397, -106036518, -582695313, -195104949, -1412678769, -1522393257, -1866142831, -1167366388, 358925540, -2062481726, -2030771560, 2137123875, 1245933602, -474157511, 2115746005, 828169535, -1101307834, -1810554817, -210360085, 1682079168, 1010888888, -1984929255, 359479182, 9293090, -114316883, -1120413096, 722688141, 1518920115, -1672440116, -1906225993, 484466705, -1480213876, -188947437, -164577498, 1533330470, 603831486, -82647812, -452535258, 1429271163, 609177546, 808577499, -897407401, -38420891, 190074199, -988575863, 110252367, -810603735, -1325189090, 1845441862, 2088260524, -151316870, -1174901208, -1346411301, -1622735252, 1808893760, 1508100667, -1773307649, -1801034373, 1282188442, -1750439791, 2078031355, -874723955, 1988794662, -694975797, 461293712, 223122221, -1743526273, -774727899, 103014168, 1327918870, -1177228025, 2117095145, -2122559254, -667927615, -1058952219, 1001838632, 1357176835, -1904807873, -416875183, 777889448, 1053991137, -154516408, -1709386994, 1945882648, -339020622, -264337005, 734082872, -1366853750, 1289650606, -1109244313, -163834561, 521927713, -516895296, 1838835057, -368570573, 1873272585, 1653366635, 653332184, 1769792321, -1849781081, 446531819, -992969074, 123479421, -2011581167, 57426330, 1122266089, 1892241889, -115851328, 5222805, -1074669967, -98403691, 1916921476, 1125929887, -81900549, -239135120, -356543561, -235417275, 1880947702, -940657730, 1679400885, 1531706689, 1321806852, 283743043, 1218406795, 419729443, 320528844, 1879142272, 216221421, -119960787, 601609742, 729871412, -1863254163, -14523009, -1773140745, -762533339, 630474474, 1925998451, -1805226058, 1514167071, 90696518, 1171314762, 1329324878, 24130108, -2017613477, -198319609, 1510135981, 1126505574, -1879450322, -701542501, -1895775746, 190852378, 1845330277, 166209, -1702733510, 673778542, -286510602, -496798933, 732808197, -1096307884, 407053857, -1662643618, -499998537, 290051872, 2098288031, 473635801, -146452296, -1795601081, 1299201307, -468987396, -1990978544, -1469090199, -564136479, -1762929624, 1639565885, -167774320, 455120085, -1515862878, 463170631, -570186566, -196213595, -468588356, 811242514, 1117886356, -1012740286, 1391732534, -1713855246, -1253282168, -1063679349, 508627169, 1248553348, -1490683911, 23845963, 1686085509, -1759692101, -1478767155, 1214859621, -1103595772, 400557113, -2035047125, -1500560307, 20968638, 1140570591, -408529275, 485437114, 1212991799, -730459481, 1859445208, 637944473, -1045342217, 1941609648, 1737683762, -369715644, 492386737, -2035843430, -436819084, -1009799181, 135937191, -2003535341, -90853031, 1309170802, -127236276, -13696078, 336842422, 3325204, -1920745174, -44071933, 161979907, 1259258087, -267033082, 1662588386, 956173337, 1370389800, 1898358593, -197765620, 1496166973, -777840391, 585793408, 1201346546, 536300636, 1751138385, 1313791119, -889449520, 379637656, 1148146227, -1858468990, 1412096510, 1150084355, 82492962, -1695050979, 936761222, -276247383, 1414350035, 143181941, -1265592330, 686222547, -467136476, -677254698, -655134602, 1125945738, 1091425869, 1868102631, 1642909724, 1912447066, 1613790292, -416799476, 1950445950, -1743174569, 1578232774, 841507595, 1861028232, -1167665563, 780144547, 999257841, 1558089616, 1621263795, -1256248167, 214313782, 279474855, -1330805625, 306514037, 1662670879, -1787932622, -1103250112, -988113706, -312325533, 316604344, 40194969, 1897992483, -417501167, 1336084476, 1748661802, -1517103170, 955805616, -1013657266, -915651532, 2011646585, 1549340071, 1519986973, 253348765, 1262785096, 1257800671, 658762449, -1391697095, -467589576, -86429786, -354557481, -1748572854, 1157778848, -1538344490, 1948137725, -1393586614, -1771826795, 295574838, -398783745, 1370653671, 195711394, -533909729, 1746528352, -1743304626, -926814280, 814714466, -1767741826, -618422868, -350992541, 792271977, 180489184, -2041930255, 601777214, -243506021, 13774290, -1085338922, -1658803287, -872573435, -788163788, 1185684001, -193794632, -550964426, 76345485, -100122073, -346812050, -1782195095, -427912858, -1704342894, 1917571114, 397268969, 1098826453, 1964844388, 245904481, -1052689231, -1796484265, 1052333115, 1627901837, -307666094, 1965669347, 1135533526, 276618084, 1485996313, 1607910971, 1032984535, 1378138701, -100298384, -9190268, -669398838, 584223503, 380432772, 1872735769, -1193843099, 1998767051, -967536088, 1689236891, -1321307119, -1053226964, 69264376, 1416244300, 1743046057, 1103671004, 1980096961, -1556363619, 71150208, 1864084025, 498720032, -22800892, 1269712040, 131254344, -1695157912, 470764563, -1208381327, 324369897, 932200649, 136354502, -1310269392, 2123805004, -1340448851, -1630419428, -1611804607, 1144469411, 1097896549, 234994408, 2078209870, 711326232, -1957904124, -480952600, 1144051408, 1382610433, 196756875, -387314154, -1039347755, -860255150, 1970665542, 1536031038, -1397743612, -2075012013, -1374151052, 103864784, 1500588766, 1936713106, 2124160813, -765366537, -1778805946, -1091613414, -1145822592, 34764777, 1951000898, 178790884, 294977243, -1125736576, 774107139, -867799923, -2100750161, -401142518, -1815822302, 973329993, -1050732460, 2096213596, -123188692, -1965501673, -1347184087, 740921133, 1151597920, -447104202, -933020417, 352637344, -1069640010, -1798862890, -840650057, -2078729182, -1392026589, -534567149, -1205815511, -150957962, -1911601125, 1485675294, 1264062791, 1182703629, -976557737, 1110333628, 1711669889, -1473424998, 1976302296, 813471988, -714094485, -650064922, 908982314, 1398772228, 947393693, -294110752, -1501482515, -1050358892, 542613211, 120609783, 750003857, 864748078, -1790298764, 469588652, -1741479072, -871150100, 1817309166, -914968990, 1014133185, 984711282, 1495820259, -684117896, 1586992314, -1466962402, 1720720421, 785426841, 976902838, -1926621570, -306814424, 1870360914, 561956744, -716906494, 1433962913, -1882197276, 1364531887, -2038277390, -899344790, 1718954843, 2076014043, 1601847201, -629394264, 748451038, 197191599, 1830788067, -364852433, 1492923209, 162127561, 1842308027, -170012636, -1510984200, -702396162, 1475008857, 121226211, -631381275, -1065491735, -526647230, 1661761059, -2142798091, -1680114777, 1318162384, 967407960, 651896718, -1070583589, -815589155, -697046952, 92229996, 1945888504, 1948603067, -250191295, -886579019, 831947198, -1514028186, 535060632, 1717317194, -67526396, 2065970940, 427314101, -2146988449, 1793254840, -981222804, -1225526945, -223138739, -379124956, -1187771026, -1501609550, -2107551834, 80617586, -557334606, -1057262007, -1674617206, -1877586318, -266703524, -1398863976, -1587203784, -1023339111, -1570910546, 848368793, -1125283097, -1772265396, 1220251398, -1511972694, 362597334, 848250206, 231284491, 1218595765, 1214787746, -714377513, 204076579, 2126473361, -184470826, -1449895689, 1401943847, 932156839, 577625800, 1877149050, 1578167386, -1920386088, -1049611614, -481902820, 1304645270, -1729390690, 1427888830, 2099878239, -1694250041, -1525337999, 538631991, -871278454, 2078818461, -759176597, 1142363836, 1142935029, 75241853, 163667502, 1103590055, 830878852, -928166216, 1836663557, -931301298, -466398864, 328232958, 772028233, -452953193, -230924979, -1223331052, 266183429, 1447653073, 2013067591, 581843397, -1039142692, 613112770, -102058833, 570622741, -1565689558, -383657476, 819783350, 501234620, -800425110, 1975522932, -833494921, 1816945106, -271398441, 2077245524, -1488536774, -1871974458, 1453067093, 1402760975, -1312340234, -624655724, -348145776, 987190710, -1615864553, -1244680394, 181809509, 346838922, 1752374146, -723436709, -1243700351, 2011419089, -799945771, 728477014, -1095400633, 1394716397, 2106817267, -202807463, 1429593591, -1592682839, -936213313, 2136981986, 641717259, 531976150, 2119604262, 466934132, 211871460, 608118550, -198903965, 543687562, -1719599962, -248811785, 1964158, 1414012616, 1061240415, 870935875, -491550188, 566375027, -924306322, -476755563, 1883029598, -1151987421, -1006058206, -666250961, 1411821163, -580521289, 1103624609, 1672094731, -1685909584, -1225705080, -1619022582, -1800364241, 1478067650, -1105602848, 247106014, -741238715, -1809289631, 2100757165, 690485659, 777371242, -1236363848, 1647262321, -1242764631, 297350213, 484919522, 654228348, -1130327942, -820398244, 615943344, -688984995, 1435664876, 76507298, 140213417, -1017747051, 954849777, -739177901, 1490753105, -469718642, -1526514063, -2059548924, 200668334, 1305963467, -1167199890, 334747125, -685785081, 1029138271, 793137257, 54300841, 1578587630, -50533213, 783181316, 1380699576, 2123033985, -110334429, 839610856, 1104778467, 388217836, 417735896, -1699116312, -629505943, 872996145, -657243236, 710197094, 1795973016, -1247705813, 1848536538, 801724405, -72225114, -1134904113, -1016044156, 1045635135, 2117187521, 1437937589, 2076517450, -1817322967, 892957028, -937177642, 1591530504, 1647787828, -767005205, 613172631, -1376822657, 350565414, 1796796521, 1908840966, -926913465, 1274614504, -58099015, 1485396322, 1407015684, -595382606, 1736730834, -251381792, 1328354007, 139982436, -311071393, 2135102124, -2139227369, -1840621257, 1119994767, 344956717, 2017766977, 1234522516, 2142317097, 1118325389, -1300644564, 1368963651, 142801890, 637996408, -910954112, 1454100936, 88865010, -556058589, -226507927, 1074401289, 384734692, 956660367, -2016676218, -670748108, -1723276371, 1653976334, 307139111, -1863212833, 1087399168, -1975640826, 323266744, -1661954960, 478504160, 2083021300, -635264393, 1124965310, -1314086282, 2144599731, -1544421523, -614766344, -833133020, 90657534, 1031062682, 1880492229, -273722407, 274702643, -571078542, 1502537645, 1652330151, -1189794727, 590500488, -1744221770, 481427858, -766201244, 641319561, 1744050258, 1328865705, 2090845879, -388418965, -329766280, -992887461, -1179004695, -1439250459, -1893700848, -811422462, 1900000203, -1960728287, 1095991699, 508524740, -1771806550, -967063377, 1554833650, -1077295205, -1882400048, 1243610301, -159555401, -1682658383, -1188401327, -711600763, -946224022, 147333104, -354802429, -1308104955, -660613835, 376851161, -1027823411, 2076735989, 994111946, -853435755, -756401628, 754702326, -1161086844, -1517285815, -2095424557, 742303495, 1981329356, -432455506, 13585658, -1517156292, 1167986878, 1758595040, -53375400, 73297328, 264837131, -1924022667, -1702365236, 1291410363, 1182302496, 786074064, 326967832, 304712032, -1470754937, 1001337271, 1596664040, 1256723465, -1703064947, -520725213, 691210514, -984302987, 2019544869, -424392617, -2034950369, -121744655, -1417520116, 224479284, -220952054, -1728057147, 951843885, -1105940790, -356026809, 1283878129, 1465054022, -1113529038, 393385222, -78035431, 501829834, 2071383706, -575781960, 1136462780, 65359113, 66308256, -1019729966, 397723820, -232794994, 606002404, -1388559664, 1896554682, -1788484153, 1343158232, 848085628, 1860375984, 788505835, -696436519, 793776495, 1264297859, -180729321, -1465667709, 1583410136, 416334793, 1444957626, -558228928, -569082757, 2146908264, -614631629, 1550285346, 1591133692, 565747088, -1375555144, -694644749, -95560610, 1418685162, -1783116935, -1701276023, -843533627, -1267553263, -148405500, 105565789, -498695805, 425986112, -1688959253, -1472680354, 1852835921, -1431695027, -1555280989, -1793995261, 1277964508, -957608490, -745088081, 343399582, -1519528573, -1425820999, -1760492036, 1505901048, 1525723231, 632061897, -1680830833, 1678378009, -717769085, 880784317, -2071444131, 1149808230, -1795202172, 1244072811, -1076091015, 677410289, -1953842885, -710950857, 2071195252, 1820804876, -1671825463, -1039500859, -862146048, 1560406047, -2058989093, 1427908341, 1647345622, -987333189, 669917486, -1961954800, 1569000921, 846904302, -200188075, -1053703106, -1466897797, 1613977816, 641099449, -819459013, 1216925535, 597660798, 485179361, 835894346, -1406338496, -349902370, 561512180, 1828107113, -703025136, 1327250754, 1528493435, -1992030779, -203141532, -954000423, -164643734, -2036017040, -2062774514, -1802968957, -819045792, -1510882224, -1634213365, -1264004629, -1400894931, -1399524262, 882704799, -511734310, -2047122027, 1199862528, 526132414, -1931782710, -843974573, -1131455769, -254905426, 1886130362, -1344962720, 1619058397, -1482317079, -336521664, -551856012, 962026762, 133158983, 2014320356, -1805064755, -1392709276, 1848786524, 21083562, -1006900690, -1311622296, -2112951778, -269113616, 1273897258, 775113478, 1471215307, -220632966, -1474062431, -903223076, -1920730103, -1689655605, -358119285, -1711297113, 1684685390, 1672061878, -1116487180, -1667916554, -168339070, -2133183949, -1210395065, -460441824, -1402276383, -1263461514, -2037539378, 1924281975, 1166161702, 1412268349, 1035521145, -909677635, -1577861659, -1967845015, -1589665827, 1268018646, -1043516616, 418651856, 2078599551, -1555885889, -936434019, -77204655, 58980691, 1040111550, 290350622, 2001186599, 1250897023, -422848806, 175125682, -2046211710, 1713513572, -1989822578, -150404381, -864713133, 139586013, 1623053497, 1719373232, -1526532761, 675643593, 329949655, 1030784948, 21843639, 21344198, -1664495242, -1432539001, 1456979965, 1335558208, 616165090, -1689158045, -1808924790, -1711457623, -152608990, -1634943478, 1988311126, 1757930249, 1819540776, 400674023, 306914137, 760969657, 2105525571, 207769971, 473621016, -196377494, -1030994985, 895129050, 1894018690, -1200250004, 622574416, -987895587, -1996966916, -1138870483, -1689766572, -205674246, 1416209849, -470590977, -853675209, -360489527, 1348920911, -425774563, -548933197, -1884781656, 1489294471, -1231101969, 1012167640, 2118970778, -1912139404, -610038644, -1346188991, -1151934100, -616246330, 1092050049, -1955937400, 1962299929, -206660513, 414730960, -1545498885, -231285649, -1679679450, -556322757, 1787224719, 1352821233, 1756527387, -504792383, 924891924, 1907400191, -925368148, 1023433065, 1318786474, -1763872460, -1034142394, 1419796541, 1944345971, 1409523471, -1395917522, 866183321, -633962359, 1245563348, -679318384, -1033195099, 1621614642, 1146845364, 1157473496, -1570667233, -992047022, -282766293, -765576384, 1639769181, 1500748320, 1165903017, 2050532521, -305135214, 456865308, -1994041484, 754483886, 1392609615, 1250046272, 246844876, -1803342346, 1857552461, -241176203, 1824979535, 902304202, -1333282455, -1270887096, -1797599074, -960320281, 557557743, -1984189731, -1212527807, 1398492052, -534605286, 2081233443, 1872006087, 1557188341, 631138267, 2071551561, -1079125711, 2133267873, -1517567527, -797959568, -313991024, 733665651, 821284025, -1470392927, -833561619, -1730865507, -2066013026, -761476608, -767245464, 1629835266, -534485773, -1612926142, 255978659, 1152074947, -593137561, 1249874011, -233915296, -1274156262, -67455687, -1566700420, -1427354008, 15123559, -1080823371, 1706263356, 201340846, 1181081224, 556416253, -1586506732, -1483356492, -14412179, -41461748, 1695447313, -1769445842, 1010724842, -343766280, 1820054724, 1344210404, 405706447, -57175433, 665643900, 1857727964, 713153845, -1212128861, -971179081, -1908891721, -506377446, -92095487, -1247303212, -1274369445, 74617648, 1269754815, 875410189, -603024430, -2021457679, 257759292, 1205689253, 1918352753, 476754934, 948633806, 970394717, 799827516, -2012758903, -762044482, -847654100, 514469769, 563473784, -1747289705, 455785262, -2003056670, -480151764, -745104224, -1692061733, 1430511663, -1046503431, -685140826, 1796333436, -1770008812, -1784009290, 800315134, -1023094565, -1176074600, -1165011824, -1553962295, 1801101370, 1169080326, 1957773083, 1862521209, -1879566459, 1433502231, -1236434007, -1465748588, -1242655286, -586390192, -1485432097, 2053805496, -1044710936, 1312373417, 1049275268, -940959266, -1115945850, -1096353681, -136691812, -318205726, 1926784327, 1656361322, 1963112117, -1747820478, 1931208507, -891774398, 807700864, 1000996901, 76968088, 545841438, 22459042, -2109696609, -977352279, -605070451, -1892691764, 755461427, 138829573, 1805848233, -755575288, -1797252712, -1083542780, -828516999, 526309462, -437699904, -526224785, -1937757801, -355018889, 648163605, -1148034954, 297161234, 1706003464, 1551909125, -1054634522, -1517871979, 1575392209, -927733056, -1860890725, -973962040, 1871155038, 1585805888, -998725582, 583593462, 646513871, -1784933495, -1851254525, 214553327, -1089201172, 1978842930, 243928654, 1898123311, 679708540, -713868509, -272819533, 1134046271, -145281066, -530148449, 1370650087, 204161626, 2060984, 443009156, 1932096164, -1902677164, 1916537943, 2105869009, -1709711391, -1132003145, -763888202, 1828724329, 1679477059, 1164801583, 474809402, 283610134, -179418414, -1299151577, 1512994430, -607334448, 992111599, -1991215437, 182753892, 1953374014, 1739470213, 57366448, -654391188, -964893572, -194939009, -1962654935, 1123283016, 1610819870, -1542917767, -253071620, 1810780847, -2004472460, -618671431, -852369732, 263750769, 1009037327, 631555424, 1323950297, 2098138827, -1143756412, 1113061596, -35931650, 435896572, 214204527, -1616191584, 1258169018, -1290729705, 673970618, -436104169, -672105631, 699587099, -497981154, 812718293, -711271884, -870572736, -1740511766, -1608194033, -599894081, 488864915, 1727760387, 1783203405, -300728958, 1185685700, 966848811, -1274999715, -1756824877, 701877310, 243639941, 247585930, 487982082, -1737935496, -521666984, 818870030, -1748762690, -318819702, 657827347, 1283236292, 2072438454, -130643453, -2013002608, -722774239, 800323971, 708148473, -1967784804, 1796092005, -1109937980, 1844534880, -1604529225, 1769029389, -1736963190, 1485294495, -168148713, 327649675, -566042634, -275096992, 1596319987, -980443336, 406721057, 1196871591, 528009213, -812058743, 713676091, -790416346, -29011153, -2010935167, 1436769014, 897997262, 2068533194, -327778202, -1407675100, -1353013591, 142780315, 492924599, 478408094, -1360906010, 1023982976, -1444403108, 464590952, 1387313205, 737150506, -711539937, 1966760978, 1691379797, -1888884445, -2127559590, -738186144, -1379053334, -1178653166, -1454440718, 366105389, 11177619, 705395261, 1521491075, -2135039093, 1253253436, -285957552, -966457892, -487636177, -1621570640, 1709102172, -1132847443, -1707370996, -261564303, 1571479073, 684427391, 1818900541, 1057478603, -1323560048, 1462952163, 394359335, 1063430950, 1389861258, 1360408302, 266848990, -384536164, -876144402, -638340124, 593337544, 1445341643, -523952686, -1576168654, -1310142337, -880403221, -2045139185, -1592556127, 185000443, 1294100258, 1253157379, 232262600, -870870032, -961335018, -765161839, -1493052478, 255128949, 2113302212, -364451988, -2105457119, -439116314, 753416080, -600184171, 429747746, 986727178, 396364700, 1272671777, -185945823, 1782451575, -1825793444, 2129816895, 431032655, -459583692, 1984749161, 716200313, 7255969, 893943968, -1686199658, -438322118, 1971298571, 192391059, 315081793, 714927247, -792671506, 529042626, -1843345686, 1488837937, -1567970610, 1328046951, -1564701431, -1462090045, 1926511943, 1188153121, -1865266661, 926265943, -704899007, -508283880, 810287613, -1042208714, -1194070942, -807903900, -1676859010, -293435680, -564254268, 1875445167, -2069218257, -1232353711, -1804289049, 1667120664, -677160068, 1150069638, 1284182249, -1463603366, 1052855039, 787329086, 707583988, -1213411027, -2125111789, -1408556283, -1929485578, -1053150228, 1410476712, 1972618093, -417728617, 224215159, -650373802, 1971216030, -839754904, 87364186, -2024928589, -1440862191, -1835010217, -1531883474, -2128610839, -1726608744, -235737493, 1365780031, -1788746622, 375819681]>
     but: was <length: 0 []>
	at org.hamcrest.MatcherAssert.assertThat(MatcherAssert.java:20)
	at org.hamcrest.MatcherAssert.assertThat(MatcherAssert.java:8)
	at org.example.MyListQuickCheckTest.doubleReverseIsOriginalBug(MyListQuickCheckTest.java:30)
	at java.base/jdk.internal.reflect.DirectMethodHandleAccessor.invoke(DirectMethodHandleAccessor.java:104)
	at java.base/java.lang.reflect.Method.invoke(Method.java:577)
	at org.junit.runners.model.FrameworkMethod$1.runReflectiveCall(FrameworkMethod.java:50)
	at org.junit.internal.runners.model.ReflectiveCallable.run(ReflectiveCallable.java:12)
	at org.junit.runners.model.FrameworkMethod.invokeExplosively(FrameworkMethod.java:47)
	at com.pholser.junit.quickcheck.runner.PropertyVerifier$2.evaluate(PropertyVerifier.java:104)
	at com.pholser.junit.quickcheck.runner.PropertyVerifier$1.evaluate(PropertyVerifier.java:76)
	... 22 more

