<?xml version="1.0" encoding="UTF-8" ?>
<testsuite tests="4" failures="1" name="org.example.MyListQuickCheckTest" time="1.103" errors="0" skipped="0">
  <properties>
[...]
</properties>
  <testcase classname="org.example.MyListQuickCheckTest" name="popAssume" time="0.912"/>
  <testcase classname="org.example.MyListQuickCheckTest" name="reverseHasSameLength" time="0.088"/>
  <testcase classname="org.example.MyListQuickCheckTest" name="insertAddsElement" time="0.084"/>
  <testcase classname="org.example.MyListQuickCheckTest" name="sumAlwaysGreaterThanAllItsElements" time="0.019">
    <failure message="Property sumAlwaysGreaterThanAllItsElements falsified.
Expected: a value equal to or greater than &lt;1984106812&gt;
     but: &lt;1828315155&gt; was less than &lt;1984106812&gt;
Args: [org.example.MyList@1442d7b5]
Seeds: [-6882922939957301488]
" type="java.lang.AssertionError">java.lang.AssertionError: Property sumAlwaysGreaterThanAllItsElements falsified.
Expected: a value equal to or greater than &lt;1984106812&gt;
     but: &lt;1828315155&gt; was less than &lt;1984106812&gt;
Args: [org.example.MyList@1442d7b5]
Seeds: [-6882922939957301488]

	at com.pholser.junit.quickcheck.runner.PropertyFalsified.counterexampleFound(PropertyFalsified.java:42)
	at com.pholser.junit.quickcheck.runner.ShrinkNode.fail(ShrinkNode.java:117)
	at com.pholser.junit.quickcheck.runner.Shrinker.shrink(Shrinker.java:103)
	at com.pholser.junit.quickcheck.runner.PropertyStatement.shrink(PropertyStatement.java:158)
	at com.pholser.junit.quickcheck.runner.PropertyStatement.lambda$property$38(PropertyStatement.java:132)
	at com.pholser.junit.quickcheck.runner.PropertyVerifier$1.evaluate(PropertyVerifier.java:86)
	at com.pholser.junit.quickcheck.runner.PropertyVerifier.verify(PropertyVerifier.java:68)
	at com.pholser.junit.quickcheck.runner.PropertyStatement.verifyProperty(PropertyStatement.java:108)
	at com.pholser.junit.quickcheck.runner.PropertyStatement.evaluate(PropertyStatement.java:92)
	at org.junit.runners.ParentRunner.runLeaf(ParentRunner.java:325)
	at org.junit.runners.BlockJUnit4ClassRunner.runChild(BlockJUnit4ClassRunner.java:78)
	at org.junit.runners.BlockJUnit4ClassRunner.runChild(BlockJUnit4ClassRunner.java:57)
	at org.junit.runners.ParentRunner$3.run(ParentRunner.java:290)
	at org.junit.runners.ParentRunner$1.schedule(ParentRunner.java:71)
	at org.junit.runners.ParentRunner.runChildren(ParentRunner.java:288)
	at org.junit.runners.ParentRunner.access$000(ParentRunner.java:58)
	at org.junit.runners.ParentRunner$2.evaluate(ParentRunner.java:268)
	at org.junit.runners.ParentRunner.run(ParentRunner.java:363)
	at org.apache.maven.surefire.junit4.JUnit4Provider.execute(JUnit4Provider.java:252)
	at org.apache.maven.surefire.junit4.JUnit4Provider.executeTestSet(JUnit4Provider.java:141)
	at org.apache.maven.surefire.junit4.JUnit4Provider.invoke(JUnit4Provider.java:112)
	at java.base/jdk.internal.reflect.DirectMethodHandleAccessor.invoke(DirectMethodHandleAccessor.java:104)
	at java.base/java.lang.reflect.Method.invoke(Method.java:577)
	at org.apache.maven.surefire.util.ReflectionUtils.invokeMethodWithArray(ReflectionUtils.java:189)
	at org.apache.maven.surefire.booter.ProviderFactory$ProviderProxy.invoke(ProviderFactory.java:165)
	at org.apache.maven.surefire.booter.ProviderFactory.invokeProvider(ProviderFactory.java:85)
	at org.apache.maven.surefire.booter.ForkedBooter.runSuitesInProcess(ForkedBooter.java:115)
	at org.apache.maven.surefire.booter.ForkedBooter.main(ForkedBooter.java:75)
Caused by: java.lang.AssertionError: 
Expected: a value equal to or greater than &lt;1984106812&gt;
     but: &lt;1828315155&gt; was less than &lt;1984106812&gt;
	at org.hamcrest.MatcherAssert.assertThat(MatcherAssert.java:20)
	at org.hamcrest.MatcherAssert.assertThat(MatcherAssert.java:8)
	at org.example.MyListQuickCheckTest.sumAlwaysGreaterThanAllItsElements(MyListQuickCheckTest.java:45)
	at java.base/jdk.internal.reflect.DirectMethodHandleAccessor.invoke(DirectMethodHandleAccessor.java:104)
	at java.base/java.lang.reflect.Method.invoke(Method.java:577)
	at org.junit.runners.model.FrameworkMethod$1.runReflectiveCall(FrameworkMethod.java:50)
	at org.junit.internal.runners.model.ReflectiveCallable.run(ReflectiveCallable.java:12)
	at org.junit.runners.model.FrameworkMethod.invokeExplosively(FrameworkMethod.java:47)
	at com.pholser.junit.quickcheck.runner.PropertyVerifier$2.evaluate(PropertyVerifier.java:104)
	at com.pholser.junit.quickcheck.runner.PropertyVerifier$1.evaluate(PropertyVerifier.java:76)
	... 22 more
</failure>
  </testcase>
</testsuite>